#
# A fatal error has been detected by the Java Runtime Environment:
#
#  SIGSEGV (0xb) at pc=0x04838357, pid=7439, tid=3016751936
#
# JRE version: 6.0_24-b24
# Java VM: OpenJDK Client VM (20.0-b12 mixed mode, sharing linux-x86 )
# Derivative: IcedTea6 1.11.4
# Distribution: Ubuntu 12.04 LTS, package 6b24-1.11.4-1ubuntu0.12.04.1
# Problematic frame:
# C  [libdricore.so+0x126357]  _tnl_RasterPos+0x1e87
#
# If you would like to submit a bug report, please include
# instructions how to reproduce the bug and visit:
#   https://bugs.launchpad.net/ubuntu/+source/openjdk-6/
# The crash happened outside the Java Virtual Machine in native code.
# See problematic frame for where to report the bug.
#

---------------  T H R E A D  ---------------

Current thread (0xb481fc00):  JavaThread "main-Animator-1" [_thread_in_native, id=7483, stack(0xb3caf000,0xb3d00000)]

siginfo:si_signo=SIGSEGV: si_errno=0, si_code=1 (SEGV_MAPERR), si_addr=0x0000000c

Registers:
EAX=0xb38f84f8, EBX=0x04973ff4, ECX=0x00000011, EDX=0xb4841048
ESP=0xb3cfe5b0, EBP=0x00000004, ESI=0x00000000, EDI=0xb38477d4
EIP=0x04838357, EFLAGS=0x00010246, CR2=0x0000000c

Top of Stack: (sp=0xb3cfe5b0)
0xb3cfe5b0:   b50c1b58 b7606a38 00000024 b3cfe5ec
0xb3cfe5c0:   00000000 b50a4088 00c54de6 0111eff4
0xb3cfe5d0:   00c5a703 b50a4088 00000001 00000004
0xb3cfe5e0:   ffffffff ffffffff 00000000 b3846a88
0xb3cfe5f0:   b38f83d0 b38f7f48 b4841048 00000002
0xb3cfe600:   b38f83e8 b50c2acc b38f83e8 04837f30
0xb3cfe610:   00000000 00000000 00000000 b3cfe8f8
0xb3cfe620:   00df7819 00000000 00000013 ffffffff 

Instructions: (pc=0x04838357)
0x04838337:   00 00 00 00 c7 40 08 00 00 00 00 c7 40 0c 00 00
0x04838347:   80 3f 74 18 76 9b 83 fd 03 74 0b 83 fd 04 75 99
0x04838357:   8b 7e 0c 89 78 0c 8b 7e 08 89 78 08 8b 7e 04 89
0x04838367:   78 04 8b 36 83 c1 01 89 30 83 c0 10 83 f9 21 75 

Register to memory mapping:

EAX=0xb38f84f8 is an unknown value
EBX=0x04973ff4: <offset 0x261ff4> in /usr/lib/i386-linux-gnu/dri/libdricore.so at 0x04712000
ECX=0x00000011 is an unknown value
EDX=0xb4841048 is an unknown value
ESP=0xb3cfe5b0 is pointing into the stack for thread: 0xb481fc00
EBP=0x00000004 is an unknown value
ESI=0x00000000 is an unknown value
EDI=0xb38477d4 is an unknown value


Stack: [0xb3caf000,0xb3d00000],  sp=0xb3cfe5b0,  free space=317k
Native frames: (J=compiled Java code, j=interpreted, Vv=VM code, C=native code)
C  [libdricore.so+0x126357]  _tnl_RasterPos+0x1e87

[error occurred during error reporting (printing native stack), id 0xb]

Java frames: (J=compiled Java code, j=interpreted, Vv=VM code)
j  jogamp.opengl.gl4.GL4bcImpl.dispatch_glDrawElements1(IIILjava/lang/Object;IZJ)V+0
j  jogamp.opengl.gl4.GL4bcImpl.glDrawElements(IIILjava/nio/Buffer;)V+93
j  local.raspberrypi.jackokring.driver.View.display(Ljavax/media/opengl/GLAutoDrawable;)V+85
j  jogamp.opengl.GLDrawableHelper.displayImpl(Ljavax/media/opengl/GLAutoDrawable;)V+47
j  jogamp.opengl.GLDrawableHelper.display(Ljavax/media/opengl/GLAutoDrawable;)V+2
j  jogamp.opengl.GLAutoDrawableBase$2.run()V+59
j  jogamp.opengl.GLDrawableHelper.invokeGLImpl(Ljavax/media/opengl/GLDrawable;Ljavax/media/opengl/GLContext;Ljava/lang/Runnable;Ljava/lang/Runnable;Ljavax/media/opengl/GLAutoDrawable;)V+137
j  jogamp.opengl.GLDrawableHelper.invokeGL(Ljavax/media/opengl/GLDrawable;Ljavax/media/opengl/GLContext;Ljava/lang/Runnable;Ljava/lang/Runnable;)V+85
j  com.jogamp.newt.opengl.GLWindow.display()V+90
j  com.jogamp.opengl.util.DefaultAnimatorImpl.display(Ljava/util/ArrayList;ZZ)V+25
j  com.jogamp.opengl.util.AnimatorBase.display()V+16
j  com.jogamp.opengl.util.Animator$MainLoop.run()V+346
j  java.lang.Thread.run()V+11
v  ~StubRoutines::call_stub

---------------  P R O C E S S  ---------------

Java Threads: ( => current thread )
  0xb7605800 JavaThread "DestroyJavaVM" [_thread_blocked, id=7443, stack(0xb7767000,0xb77b8000)]
  0xb4821000 JavaThread "Thread-5" [_thread_in_vm, id=7484, stack(0xb3c5e000,0xb3caf000)]
=>0xb481fc00 JavaThread "main-Animator-1" [_thread_in_native, id=7483, stack(0xb3caf000,0xb3d00000)]
  0xb481f000 JavaThread "main-Display-X11_:0.0-1-EDT-1" daemon [_thread_blocked, id=7478, stack(0xb3e08000,0xb3e59000)]
  0xb4816000 JavaThread "main-SharedResourceRunner" daemon [_thread_blocked, id=7477, stack(0xb475e000,0xb47af000)]
  0xb4814c00 JavaThread "AWT-EventQueue-0" [_thread_blocked, id=7476, stack(0xb47af000,0xb4800000)]
  0xb4813400 JavaThread "AWT-Shutdown" [_thread_blocked, id=7475, stack(0xb4911000,0xb4962000)]
  0xb4813000 JavaThread "AWT-XAWT" daemon [_thread_in_native, id=7474, stack(0xb4aad000,0xb4afe000)]
  0xb76bc400 JavaThread "Java2D Disposer" daemon [_thread_blocked, id=7473, stack(0xb4a5c000,0xb4aad000)]
  0xb763c800 JavaThread "Low Memory Detector" daemon [_thread_blocked, id=7457, stack(0xb4f0d000,0xb4f5e000)]
  0xb763ac00 JavaThread "C1 CompilerThread0" daemon [_thread_blocked, id=7456, stack(0xb4b7f000,0xb4c00000)]
  0xb7639000 JavaThread "Signal Dispatcher" daemon [_thread_blocked, id=7455, stack(0xb4f5e000,0xb4faf000)]
  0xb7634c00 JavaThread "Finalizer" daemon [_thread_blocked, id=7450, stack(0xb4faf000,0xb5000000)]
  0xb7633400 JavaThread "Reference Handler" daemon [_thread_blocked, id=7449, stack(0xb5150000,0xb51a1000)]

Other Threads:
  0xb7631800 VMThread [stack: 0xb51a1000,0xb5222000] [id=7448]
  0xb763f000 WatcherThread [stack: 0xb4afe000,0xb4b7f000] [id=7458]

VM state:not at safepoint (normal execution)

VM Mutex/Monitor currently owned by a thread: None

Heap
 def new generation   total 4800K, used 3582K [0x70580000, 0x70ab0000, 0x7ab80000)
  eden space 4288K,  71% used [0x70580000, 0x70880f48, 0x709b0000)
  from space 512K,  98% used [0x709b0000, 0x70a2e9f8, 0x70a30000)
  to   space 512K,   0% used [0x70a30000, 0x70a30000, 0x70ab0000)
 tenured generation   total 10624K, used 772K [0x7ab80000, 0x7b5e0000, 0x8f780000)
   the space 10624K,   7% used [0x7ab80000, 0x7ac41238, 0x7ac41400, 0x7b5e0000)
 compacting perm gen  total 12288K, used 4599K [0x8f780000, 0x90380000, 0x93780000)
   the space 12288K,  37% used [0x8f780000, 0x8fbfdf98, 0x8fbfe000, 0x90380000)
    ro space 10240K,  73% used [0x93780000, 0x93ee0340, 0x93ee0400, 0x94180000)
    rw space 12288K,  60% used [0x94180000, 0x948c8e50, 0x948c9000, 0x94d80000)

Code Cache  [0xb5600000, 0xb56c0000, 0xb7600000)
 total_blobs=550 nmethods=144 adapters=342 free_code_cache=32773376 largest_free_block=64

Dynamic libraries:
00110000-002b3000 r-xp 00000000 08:11 151496     /lib/i386-linux-gnu/libc-2.15.so
002b3000-002b4000 ---p 001a3000 08:11 151496     /lib/i386-linux-gnu/libc-2.15.so
002b4000-002b6000 r--p 001a3000 08:11 151496     /lib/i386-linux-gnu/libc-2.15.so
002b6000-002b7000 rw-p 001a5000 08:11 151496     /lib/i386-linux-gnu/libc-2.15.so
002b7000-002ba000 rw-p 00000000 00:00 0 
002ba000-002e4000 r-xp 00000000 08:11 151470     /lib/i386-linux-gnu/libm-2.15.so
002e4000-002e5000 r--p 00029000 08:11 151470     /lib/i386-linux-gnu/libm-2.15.so
002e5000-002e6000 rw-p 0002a000 08:11 151470     /lib/i386-linux-gnu/libm-2.15.so
002e6000-00302000 r-xp 00000000 08:11 132029     /lib/i386-linux-gnu/libgcc_s.so.1
00302000-00303000 r--p 0001b000 08:11 132029     /lib/i386-linux-gnu/libgcc_s.so.1
00303000-00304000 rw-p 0001c000 08:11 132029     /lib/i386-linux-gnu/libgcc_s.so.1
00304000-0032a000 r-xp 00000000 08:11 402984     /usr/lib/jvm/java-6-openjdk-i386/jre/lib/i386/libjava.so
0032a000-0032b000 r--p 00025000 08:11 402984     /usr/lib/jvm/java-6-openjdk-i386/jre/lib/i386/libjava.so
0032b000-0032d000 rw-p 00026000 08:11 402984     /usr/lib/jvm/java-6-openjdk-i386/jre/lib/i386/libjava.so
0032d000-00334000 r-xp 00000000 08:11 151462     /lib/i386-linux-gnu/libnss_compat-2.15.so
00334000-00335000 r--p 00006000 08:11 151462     /lib/i386-linux-gnu/libnss_compat-2.15.so
00335000-00336000 rw-p 00007000 08:11 151462     /lib/i386-linux-gnu/libnss_compat-2.15.so
00336000-00341000 r-xp 00000000 08:11 151486     /lib/i386-linux-gnu/libnss_files-2.15.so
00341000-00342000 r--p 0000a000 08:11 151486     /lib/i386-linux-gnu/libnss_files-2.15.so
00342000-00343000 rw-p 0000b000 08:11 151486     /lib/i386-linux-gnu/libnss_files-2.15.so
00343000-00358000 r-xp 00000000 08:11 404934     /usr/lib/jvm/java-6-openjdk-i386/jre/lib/i386/libnet.so
00358000-00359000 r--p 00014000 08:11 404934     /usr/lib/jvm/java-6-openjdk-i386/jre/lib/i386/libnet.so
00359000-0035a000 rw-p 00015000 08:11 404934     /usr/lib/jvm/java-6-openjdk-i386/jre/lib/i386/libnet.so
0035a000-00362000 r-xp 00000000 08:11 402988     /usr/lib/jvm/java-6-openjdk-i386/jre/lib/i386/libnio.so
00362000-00363000 r--p 00007000 08:11 402988     /usr/lib/jvm/java-6-openjdk-i386/jre/lib/i386/libnio.so
00363000-00364000 rw-p 00008000 08:11 402988     /usr/lib/jvm/java-6-openjdk-i386/jre/lib/i386/libnio.so
00364000-0036a000 r-xp 00000000 08:11 263015     /tmp/jogamp_0000/file_cache/jln3755849876313950169/jln1059352127014197898/libnativewindow_x11.so
0036a000-0036b000 r--p 00005000 08:11 263015     /tmp/jogamp_0000/file_cache/jln3755849876313950169/jln1059352127014197898/libnativewindow_x11.so
0036b000-0036c000 rw-p 00006000 08:11 263015     /tmp/jogamp_0000/file_cache/jln3755849876313950169/jln1059352127014197898/libnativewindow_x11.so
0036c000-00370000 r-xp 00000000 08:11 401059     /usr/lib/i386-linux-gnu/libXxf86vm.so.1.0.0
00370000-00371000 r--p 00003000 08:11 401059     /usr/lib/i386-linux-gnu/libXxf86vm.so.1.0.0
00371000-00372000 rw-p 00004000 08:11 401059     /usr/lib/i386-linux-gnu/libXxf86vm.so.1.0.0
00372000-0037a000 r-xp 00000000 08:11 401049     /usr/lib/i386-linux-gnu/libXrender.so.1.3.0
0037a000-0037b000 r--p 00007000 08:11 401049     /usr/lib/i386-linux-gnu/libXrender.so.1.3.0
0037b000-0037c000 rw-p 00008000 08:11 401049     /usr/lib/i386-linux-gnu/libXrender.so.1.3.0
0037c000-0039b000 r-xp 00000000 08:11 401694     /usr/lib/i386-linux-gnu/libxcb.so.1.1.0
0039b000-0039c000 r--p 0001f000 08:11 401694     /usr/lib/i386-linux-gnu/libxcb.so.1.1.0
0039c000-0039d000 rw-p 00020000 08:11 401694     /usr/lib/i386-linux-gnu/libxcb.so.1.1.0
0039d000-003ad000 r-xp 00000000 08:11 401029     /usr/lib/i386-linux-gnu/libXext.so.6.4.0
003ad000-003ae000 r--p 0000f000 08:11 401029     /usr/lib/i386-linux-gnu/libXext.so.6.4.0
003ae000-003af000 rw-p 00010000 08:11 401029     /usr/lib/i386-linux-gnu/libXext.so.6.4.0
003af000-003b4000 r-xp 00000000 08:11 401027     /usr/lib/i386-linux-gnu/libXdmcp.so.6.0.0
003b4000-003b5000 r--p 00004000 08:11 401027     /usr/lib/i386-linux-gnu/libXdmcp.so.6.0.0
003b5000-003b6000 rw-p 00005000 08:11 401027     /usr/lib/i386-linux-gnu/libXdmcp.so.6.0.0
003b6000-003bb000 r-xp 00000000 08:11 401055     /usr/lib/i386-linux-gnu/libXtst.so.6.1.0
003bb000-003bc000 r--p 00004000 08:11 401055     /usr/lib/i386-linux-gnu/libXtst.so.6.1.0
003bc000-003bd000 rw-p 00005000 08:11 401055     /usr/lib/i386-linux-gnu/libXtst.so.6.1.0
003bd000-003c1000 r-xp 00000000 08:11 401031     /usr/lib/i386-linux-gnu/libXfixes.so.3.1.0
003c1000-003c2000 r--p 00004000 08:11 401031     /usr/lib/i386-linux-gnu/libXfixes.so.3.1.0
003c2000-003c3000 rw-p 00005000 08:11 401031     /usr/lib/i386-linux-gnu/libXfixes.so.3.1.0
003c3000-003c4000 r-xp 00000000 08:11 401006     /usr/lib/i386-linux-gnu/libX11-xcb.so.1.0.0
003c4000-003c5000 r--p 00000000 08:11 401006     /usr/lib/i386-linux-gnu/libX11-xcb.so.1.0.0
003c5000-003c6000 rw-p 00001000 08:11 401006     /usr/lib/i386-linux-gnu/libX11-xcb.so.1.0.0
003c6000-003c7000 rwxp 00000000 00:00 0 
003c7000-003e7000 r-xp 00000000 08:11 151488     /lib/i386-linux-gnu/ld-2.15.so
003e7000-003e8000 r--p 0001f000 08:11 151488     /lib/i386-linux-gnu/ld-2.15.so
003e8000-003e9000 rw-p 00020000 08:11 151488     /lib/i386-linux-gnu/ld-2.15.so
003e9000-003f2000 r-xp 00000000 08:11 401021     /usr/lib/i386-linux-gnu/libXcursor.so.1.0.2
003f2000-003f3000 r--p 00008000 08:11 401021     /usr/lib/i386-linux-gnu/libXcursor.so.1.0.2
003f3000-003f4000 rw-p 00009000 08:11 401021     /usr/lib/i386-linux-gnu/libXcursor.so.1.0.2
003f4000-003fe000 r-xp 00000000 08:11 151502     /lib/i386-linux-gnu/libnss_nis-2.15.so
003fe000-003ff000 r--p 00009000 08:11 151502     /lib/i386-linux-gnu/libnss_nis-2.15.so
003ff000-00400000 rw-p 0000a000 08:11 151502     /lib/i386-linux-gnu/libnss_nis-2.15.so
00400000-0040e000 r-xp 00000000 08:11 401035     /usr/lib/i386-linux-gnu/libXi.so.6.1.0
0040e000-0040f000 r--p 0000d000 08:11 401035     /usr/lib/i386-linux-gnu/libXi.so.6.1.0
0040f000-00410000 rw-p 0000e000 08:11 401035     /usr/lib/i386-linux-gnu/libXi.so.6.1.0
00410000-00412000 r-xp 00000000 08:11 401037     /usr/lib/i386-linux-gnu/libXinerama.so.1.0.0
00412000-00413000 r--p 00001000 08:11 401037     /usr/lib/i386-linux-gnu/libXinerama.so.1.0.0
00413000-00414000 rw-p 00002000 08:11 401037     /usr/lib/i386-linux-gnu/libXinerama.so.1.0.0
00414000-0041b000 r-xp 00000000 08:11 401047     /usr/lib/i386-linux-gnu/libXrandr.so.2.2.0
0041b000-0041c000 r--p 00006000 08:11 401047     /usr/lib/i386-linux-gnu/libXrandr.so.2.2.0
0041c000-0041d000 rw-p 00007000 08:11 401047     /usr/lib/i386-linux-gnu/libXrandr.so.2.2.0
0041e000-00425000 r-xp 00000000 08:11 151464     /lib/i386-linux-gnu/librt-2.15.so
00425000-00426000 r--p 00006000 08:11 151464     /lib/i386-linux-gnu/librt-2.15.so
00426000-00427000 rw-p 00007000 08:11 151464     /lib/i386-linux-gnu/librt-2.15.so
00427000-00461000 r-xp 00000000 08:11 404936     /usr/lib/jvm/java-6-openjdk-i386/jre/lib/i386/libfontmanager.so
00461000-00462000 r--p 00039000 08:11 404936     /usr/lib/jvm/java-6-openjdk-i386/jre/lib/i386/libfontmanager.so
00462000-00463000 rw-p 0003a000 08:11 404936     /usr/lib/jvm/java-6-openjdk-i386/jre/lib/i386/libfontmanager.so
00463000-0046c000 r-xp 00000000 08:11 401503     /usr/lib/i386-linux-gnu/libpciaccess.so.0.11.0
0046c000-0046d000 r--p 00008000 08:11 401503     /usr/lib/i386-linux-gnu/libpciaccess.so.0.11.0
0046d000-0046e000 rw-p 00009000 08:11 401503     /usr/lib/i386-linux-gnu/libpciaccess.so.0.11.0
0046f000-00483000 r-xp 00000000 08:11 132119     /lib/i386-linux-gnu/libz.so.1.2.3.4
00483000-00484000 r--p 00013000 08:11 132119     /lib/i386-linux-gnu/libz.so.1.2.3.4
00484000-00485000 rw-p 00014000 08:11 132119     /lib/i386-linux-gnu/libz.so.1.2.3.4
00485000-00494000 r-xp 00000000 08:11 401748     /usr/lib/i386-linux-gnu/libglapi.so.0.0.0
00494000-00496000 r--p 0000f000 08:11 401748     /usr/lib/i386-linux-gnu/libglapi.so.0.0.0
00496000-0049b000 rwxp 00011000 08:11 401748     /usr/lib/i386-linux-gnu/libglapi.so.0.0.0
0049b000-004a4000 r-xp 00000000 08:11 263024     /tmp/jogamp_0000/file_cache/jln3755849876313950169/jln1059352127014197898/libnewt.so
004a4000-004a5000 r--p 00008000 08:11 263024     /tmp/jogamp_0000/file_cache/jln3755849876313950169/jln1059352127014197898/libnewt.so
004a5000-004a6000 rw-p 00009000 08:11 263024     /tmp/jogamp_0000/file_cache/jln3755849876313950169/jln1059352127014197898/libnewt.so
004b2000-004b4000 r-xp 00000000 08:11 401014     /usr/lib/i386-linux-gnu/libXau.so.6.0.0
004b4000-004b5000 r--p 00001000 08:11 401014     /usr/lib/i386-linux-gnu/libXau.so.6.0.0
004b5000-004b6000 rw-p 00002000 08:11 401014     /usr/lib/i386-linux-gnu/libXau.so.6.0.0
004b6000-00502000 r-xp 00000000 08:11 402998     /usr/lib/jvm/java-6-openjdk-i386/jre/lib/i386/xawt/libmawt.so
00502000-00503000 r--p 0004b000 08:11 402998     /usr/lib/jvm/java-6-openjdk-i386/jre/lib/i386/xawt/libmawt.so
00503000-00505000 rw-p 0004c000 08:11 402998     /usr/lib/jvm/java-6-openjdk-i386/jre/lib/i386/xawt/libmawt.so
00505000-00506000 rw-p 00000000 00:00 0 
00506000-0051c000 r-xp 00000000 08:11 401678     /usr/lib/i386-linux-gnu/libxcb-glx.so.0.0.0
0051c000-0051d000 r--p 00016000 08:11 401678     /usr/lib/i386-linux-gnu/libxcb-glx.so.0.0.0
0051d000-0051e000 rw-p 00017000 08:11 401678     /usr/lib/i386-linux-gnu/libxcb-glx.so.0.0.0
0053c000-0053e000 r-xp 00000000 08:11 401023     /usr/lib/i386-linux-gnu/libXdamage.so.1.1.0
0053e000-0053f000 r--p 00001000 08:11 401023     /usr/lib/i386-linux-gnu/libXdamage.so.1.1.0
0053f000-00540000 rw-p 00002000 08:11 401023     /usr/lib/i386-linux-gnu/libXdamage.so.1.1.0
00542000-00543000 r-xp 00000000 00:00 0          [vdso]
00543000-00673000 r-xp 00000000 08:11 401010     /usr/lib/i386-linux-gnu/libX11.so.6.3.0
00673000-00674000 r--p 0012f000 08:11 401010     /usr/lib/i386-linux-gnu/libX11.so.6.3.0
00674000-00676000 rw-p 00130000 08:11 401010     /usr/lib/i386-linux-gnu/libX11.so.6.3.0
00676000-00677000 rw-p 00000000 00:00 0 
00677000-0070c000 r-xp 00000000 08:11 401239     /usr/lib/i386-linux-gnu/libfreetype.so.6.8.0
0070c000-00710000 r--p 00094000 08:11 401239     /usr/lib/i386-linux-gnu/libfreetype.so.6.8.0
00710000-00711000 rw-p 00098000 08:11 401239     /usr/lib/i386-linux-gnu/libfreetype.so.6.8.0
00711000-0072e000 r-xp 00000000 08:11 401204     /usr/lib/i386-linux-gnu/libdrm_intel.so.1.0.0
0072e000-0072f000 r--p 0001c000 08:11 401204     /usr/lib/i386-linux-gnu/libdrm_intel.so.1.0.0
0072f000-00730000 rw-p 0001d000 08:11 401204     /usr/lib/i386-linux-gnu/libdrm_intel.so.1.0.0
00734000-0073f000 r-xp 00000000 08:11 404926     /usr/lib/jvm/java-6-openjdk-i386/jre/lib/i386/libverify.so
0073f000-00740000 ---p 0000b000 08:11 404926     /usr/lib/jvm/java-6-openjdk-i386/jre/lib/i386/libverify.so
00740000-00741000 r--p 0000b000 08:11 404926     /usr/lib/jvm/java-6-openjdk-i386/jre/lib/i386/libverify.so
00741000-00742000 rw-p 0000c000 08:11 404926     /usr/lib/jvm/java-6-openjdk-i386/jre/lib/i386/libverify.so
0075d000-00760000 r-xp 00000000 08:11 151482     /lib/i386-linux-gnu/libdl-2.15.so
00760000-00761000 r--p 00002000 08:11 151482     /lib/i386-linux-gnu/libdl-2.15.so
00761000-00762000 rw-p 00003000 08:11 151482     /lib/i386-linux-gnu/libdl-2.15.so
00762000-007b4000 r-xp 00000000 08:11 401745     /usr/lib/i386-linux-gnu/mesa/libGL.so.1.2
007b4000-007b6000 r--p 00051000 08:11 401745     /usr/lib/i386-linux-gnu/mesa/libGL.so.1.2
007b6000-007bb000 rwxp 00053000 08:11 401745     /usr/lib/i386-linux-gnu/mesa/libGL.so.1.2
007bf000-007c6000 r-xp 00000000 08:11 402989     /usr/lib/jvm/java-6-openjdk-i386/jre/lib/i386/libzip.so
007c6000-007c7000 r--p 00006000 08:11 402989     /usr/lib/jvm/java-6-openjdk-i386/jre/lib/i386/libzip.so
007c7000-007c8000 rw-p 00007000 08:11 402989     /usr/lib/jvm/java-6-openjdk-i386/jre/lib/i386/libzip.so
007c8000-0084f000 r-xp 00000000 08:11 263012     /tmp/jogamp_0000/file_cache/jln3755849876313950169/jln1059352127014197898/libjogl_desktop.so
0084f000-00850000 r--p 00086000 08:11 263012     /tmp/jogamp_0000/file_cache/jln3755849876313950169/jln1059352127014197898/libjogl_desktop.so
00850000-00851000 rw-p 00087000 08:11 263012     /tmp/jogamp_0000/file_cache/jln3755849876313950169/jln1059352127014197898/libjogl_desktop.so
00851000-00877000 r-xp 00000000 08:11 147726     /lib/i386-linux-gnu/libexpat.so.1.5.2
00877000-00878000 ---p 00026000 08:11 147726     /lib/i386-linux-gnu/libexpat.so.1.5.2
00878000-0087a000 r--p 00026000 08:11 147726     /lib/i386-linux-gnu/libexpat.so.1.5.2
0087a000-0087b000 rw-p 00028000 08:11 147726     /lib/i386-linux-gnu/libexpat.so.1.5.2
00884000-00886000 r-xp 00000000 08:11 263011     /tmp/jogamp_0000/file_cache/jln3755849876313950169/jln1059352127014197898/libgluegen-rt.so
00886000-00887000 r--p 00001000 08:11 263011     /tmp/jogamp_0000/file_cache/jln3755849876313950169/jln1059352127014197898/libgluegen-rt.so
00887000-00888000 rw-p 00002000 08:11 263011     /tmp/jogamp_0000/file_cache/jln3755849876313950169/jln1059352127014197898/libgluegen-rt.so
008b1000-00989000 r-xp 00000000 08:11 401596     /usr/lib/i386-linux-gnu/libstdc++.so.6.0.16
00989000-0098a000 ---p 000d8000 08:11 401596     /usr/lib/i386-linux-gnu/libstdc++.so.6.0.16
0098a000-0098e000 r--p 000d8000 08:11 401596     /usr/lib/i386-linux-gnu/libstdc++.so.6.0.16
0098e000-0098f000 rw-p 000dc000 08:11 401596     /usr/lib/i386-linux-gnu/libstdc++.so.6.0.16
0098f000-00996000 rw-p 00000000 00:00 0 
009a7000-009ab000 r-xp 00000000 08:11 403110     /usr/lib/jvm/java-6-openjdk-i386/jre/lib/i386/jli/libjli.so
009ab000-009ac000 r--p 00003000 08:11 403110     /usr/lib/jvm/java-6-openjdk-i386/jre/lib/i386/jli/libjli.so
009ac000-009ad000 rw-p 00004000 08:11 403110     /usr/lib/jvm/java-6-openjdk-i386/jre/lib/i386/jli/libjli.so
00a11000-00a1c000 r-xp 00000000 08:11 401202     /usr/lib/i386-linux-gnu/libdrm.so.2.4.0
00a1c000-00a1d000 r--p 0000a000 08:11 401202     /usr/lib/i386-linux-gnu/libdrm.so.2.4.0
00a1d000-00a1e000 rw-p 0000b000 08:11 401202     /usr/lib/i386-linux-gnu/libdrm.so.2.4.0
00a65000-00a7b000 r-xp 00000000 08:11 151490     /lib/i386-linux-gnu/libnsl-2.15.so
00a7b000-00a7c000 r--p 00015000 08:11 151490     /lib/i386-linux-gnu/libnsl-2.15.so
00a7c000-00a7d000 rw-p 00016000 08:11 151490     /lib/i386-linux-gnu/libnsl-2.15.so
00a7d000-00a7f000 rw-p 00000000 00:00 0 
00a7f000-00b12000 r-xp 00000000 08:11 402987     /usr/lib/jvm/java-6-openjdk-i386/jre/lib/i386/libawt.so
00b12000-00b13000 r--p 00092000 08:11 402987     /usr/lib/jvm/java-6-openjdk-i386/jre/lib/i386/libawt.so
00b13000-00b1a000 rw-p 00093000 08:11 402987     /usr/lib/jvm/java-6-openjdk-i386/jre/lib/i386/libawt.so
00b1a000-00b3e000 rw-p 00000000 00:00 0 
00b3e000-00ba6000 r-xp 00000000 08:11 403594     /usr/lib/i386-linux-gnu/dri/i915_dri.so
00ba6000-00ba7000 r--p 00067000 08:11 403594     /usr/lib/i386-linux-gnu/dri/i915_dri.so
00ba7000-00ba8000 rw-p 00068000 08:11 403594     /usr/lib/i386-linux-gnu/dri/i915_dri.so
00bda000-00bf1000 r-xp 00000000 08:11 151498     /lib/i386-linux-gnu/libpthread-2.15.so
00bf1000-00bf2000 r--p 00016000 08:11 151498     /lib/i386-linux-gnu/libpthread-2.15.so
00bf2000-00bf3000 rw-p 00017000 08:11 151498     /lib/i386-linux-gnu/libpthread-2.15.so
00bf3000-00bf5000 rw-p 00000000 00:00 0 
00bf5000-01108000 r-xp 00000000 08:11 404916     /usr/lib/jvm/java-6-openjdk-i386/jre/lib/i386/client/libjvm.so
01108000-0111f000 r--p 00512000 08:11 404916     /usr/lib/jvm/java-6-openjdk-i386/jre/lib/i386/client/libjvm.so
0111f000-0112c000 rw-p 00529000 08:11 404916     /usr/lib/jvm/java-6-openjdk-i386/jre/lib/i386/client/libjvm.so
0112c000-01544000 rw-p 00000000 00:00 0 
03a90000-03ba5000 r-xp 00000000 08:11 403593     /usr/lib/i386-linux-gnu/dri/libglsl.so
03ba5000-03baa000 r--p 00114000 08:11 403593     /usr/lib/i386-linux-gnu/dri/libglsl.so
03baa000-03bac000 rw-p 00119000 08:11 403593     /usr/lib/i386-linux-gnu/dri/libglsl.so
03bac000-03bad000 rw-p 00000000 00:00 0 
04712000-0496d000 r-xp 00000000 08:11 401274     /usr/lib/i386-linux-gnu/dri/libdricore.so
0496d000-0496e000 ---p 0025b000 08:11 401274     /usr/lib/i386-linux-gnu/dri/libdricore.so
0496e000-04974000 r--p 0025b000 08:11 401274     /usr/lib/i386-linux-gnu/dri/libdricore.so
04974000-04976000 rw-p 00261000 08:11 401274     /usr/lib/i386-linux-gnu/dri/libdricore.so
04976000-0498b000 rw-p 00000000 00:00 0 
05c7b000-0667b000 rwxp 00000000 00:00 0 
08048000-08051000 r-xp 00000000 08:11 402966     /usr/lib/jvm/java-6-openjdk-i386/jre/bin/java
08051000-08052000 r--p 00008000 08:11 402966     /usr/lib/jvm/java-6-openjdk-i386/jre/bin/java
08052000-08053000 rw-p 00009000 08:11 402966     /usr/lib/jvm/java-6-openjdk-i386/jre/bin/java
08e21000-08e42000 rw-p 00000000 00:00 0          [heap]
70580000-70ab0000 rw-p 00000000 00:00 0 
70ab0000-7ab80000 rw-p 00000000 00:00 0 
7ab80000-7b5e0000 rw-p 00000000 00:00 0 
7b5e0000-8f780000 rw-p 00000000 00:00 0 
8f780000-90380000 rw-p 00000000 00:00 0 
90380000-93780000 rw-p 00000000 00:00 0 
93780000-93ee1000 r--s 00001000 08:11 401515     /usr/lib/jvm/java-6-openjdk-i386/jre/lib/i386/client/classes.jsa
93ee1000-94180000 rw-p 00000000 00:00 0 
94180000-948c9000 rw-p 00762000 08:11 401515     /usr/lib/jvm/java-6-openjdk-i386/jre/lib/i386/client/classes.jsa
948c9000-94d80000 rw-p 00000000 00:00 0 
94d80000-94e7c000 rw-p 00eab000 08:11 401515     /usr/lib/jvm/java-6-openjdk-i386/jre/lib/i386/client/classes.jsa
94e7c000-95180000 rw-p 00000000 00:00 0 
95180000-95188000 r-xs 00fa7000 08:11 401515     /usr/lib/jvm/java-6-openjdk-i386/jre/lib/i386/client/classes.jsa
95188000-95580000 rw-p 00000000 00:00 0 
b1f00000-b1f93000 rw-p 00000000 00:00 0 
b1f93000-b2000000 ---p 00000000 00:00 0 
b2800000-b28f9000 rw-p 00000000 00:00 0 
b28f9000-b2900000 ---p 00000000 00:00 0 
b2900000-b296e000 rw-p 00000000 00:00 0 
b296e000-b2a00000 ---p 00000000 00:00 0 
b2a00000-b2aff000 rw-p 00000000 00:00 0 
b2aff000-b2b00000 ---p 00000000 00:00 0 
b2b81000-b2d00000 rw-p 00000000 00:00 0 
b2d00000-b2e00000 rw-p 00000000 00:00 0 
b2efb000-b3800000 rw-p 00000000 00:00 0 
b3800000-b38fb000 rw-p 00000000 00:00 0 
b38fb000-b3900000 ---p 00000000 00:00 0 
b3981000-b3b00000 rw-p 00000000 00:00 0 
b3b00000-b3bfe000 rw-p 00000000 00:00 0 
b3bfe000-b3c00000 ---p 00000000 00:00 0 
b3c5e000-b3c61000 ---p 00000000 00:00 0 
b3c61000-b3caf000 rw-p 00000000 00:00 0 
b3caf000-b3cb2000 ---p 00000000 00:00 0 
b3cb2000-b3d00000 rw-p 00000000 00:00 0 
b3d00000-b3dff000 rw-p 00000000 00:00 0 
b3dff000-b3e00000 ---p 00000000 00:00 0 
b3e08000-b3e0b000 ---p 00000000 00:00 0 
b3e0b000-b475e000 rw-p 00000000 00:00 0 
b475e000-b4761000 ---p 00000000 00:00 0 
b4761000-b47af000 rw-p 00000000 00:00 0 
b47af000-b47b2000 ---p 00000000 00:00 0 
b47b2000-b4800000 rw-p 00000000 00:00 0 
b4800000-b48f8000 rw-p 00000000 00:00 0 
b48f8000-b4900000 ---p 00000000 00:00 0 
b4909000-b490a000 rw-p 00000000 00:00 0 
b490a000-b4911000 r--s 00000000 08:11 395113     /usr/lib/i386-linux-gnu/gconv/gconv-modules.cache
b4911000-b4914000 ---p 00000000 00:00 0 
b4914000-b4962000 rw-p 00000000 00:00 0 
b4962000-b4963000 r--s 00000000 08:11 665059     /var/cache/fontconfig/c05880de57d1f5e948fdfacc138775d9-le32d4.cache-3
b4963000-b4969000 r--s 00000000 08:11 661475     /var/cache/fontconfig/945677eb7aeaf62f1d50efc3fb3ec7d8-le32d4.cache-3
b4969000-b496b000 r--s 00000000 08:11 659724     /var/cache/fontconfig/99e8ed0e538f840c565b6ed5dad60d56-le32d4.cache-3
b496b000-b496e000 r--s 00000000 08:11 659624     /var/cache/fontconfig/2cd17615ca594fa2959ae173292e504c-le32d4.cache-3
b496e000-b496f000 r--s 00000000 08:11 659488     /var/cache/fontconfig/e7071f4a29fa870f4323321c154eba04-le32d4.cache-3
b496f000-b4970000 r--s 00000000 08:11 658521     /var/cache/fontconfig/0d8c3b2ac0904cb8a57a757ad11a4a08-le32d4.cache-3
b4970000-b4974000 r--s 00000000 08:11 658463     /var/cache/fontconfig/a755afe4a08bf5b97852ceb7400b47bc-le32d4.cache-3
b4974000-b497b000 r--s 00000000 08:11 658460     /var/cache/fontconfig/6d41288fd70b0be22e8c3a91e032eec0-le32d4.cache-3
b497b000-b4986000 r--s 00000000 08:11 658458     /var/cache/fontconfig/04aabc0a78ac019cf9454389977116d2-le32d4.cache-3
b4986000-b4989000 r--s 00000000 08:11 658456     /var/cache/fontconfig/385c0604a188198f04d133e54aba7fe7-le32d4.cache-3
b4989000-b498a000 r--s 00000000 08:11 658321     /var/cache/fontconfig/4794a0821666d79190d59a36cb4f44b5-le32d4.cache-3
b498a000-b498d000 r--s 00000000 08:11 658320     /var/cache/fontconfig/8801497958630a81b71ace7c5f9b32a8-le32d4.cache-3
b498d000-b4991000 r--s 00000000 08:11 658316     /var/cache/fontconfig/3047814df9a2f067bd2d96a2b9c36e5a-le32d4.cache-3
b4991000-b4992000 r--s 00000000 08:11 658151     /var/cache/fontconfig/56cf4f4769d0f4abc89a4895d7bd3ae1-le32d4.cache-3
b4992000-b4993000 r--s 00000000 08:11 657908     /var/cache/fontconfig/b9d506c9ac06c20b433354fa67a72993-le32d4.cache-3
b4993000-b4997000 r--s 00000000 08:11 657906     /var/cache/fontconfig/b47c4e1ecd0709278f4910c18777a504-le32d4.cache-3
b4997000-b49a4000 r--s 00000000 08:11 657702     /var/cache/fontconfig/d52a8644073d54c13679302ca1180695-le32d4.cache-3
b49a4000-b49a8000 r--s 00000000 08:11 657701     /var/cache/fontconfig/3f7329c5293ffd510edef78f73874cfd-le32d4.cache-3
b49a8000-b49aa000 r--s 00000000 08:11 657692     /var/cache/fontconfig/e13b20fdb08344e0e664864cc2ede53d-le32d4.cache-3
b49aa000-b49ad000 r--s 00000000 08:11 657700     /var/cache/fontconfig/7ef2298fde41cc6eeb7af42e48b7d293-le32d4.cache-3
b49ad000-b49f2000 r--s 00000000 08:11 141029     /home/jacko/.fontconfig/1628aa0229ea9560e2a6eb280dd13c3c-le32d4.cache-3
b49f2000-b49f3000 r--s 00000000 08:11 665059     /var/cache/fontconfig/c05880de57d1f5e948fdfacc138775d9-le32d4.cache-3
b49f3000-b49f9000 r--s 00000000 08:11 661475     /var/cache/fontconfig/945677eb7aeaf62f1d50efc3fb3ec7d8-le32d4.cache-3
b49f9000-b49fb000 r--s 00000000 08:11 659724     /var/cache/fontconfig/99e8ed0e538f840c565b6ed5dad60d56-le32d4.cache-3
b49fb000-b49fe000 r--s 00000000 08:11 659624     /var/cache/fontconfig/2cd17615ca594fa2959ae173292e504c-le32d4.cache-3
b49fe000-b4a02000 r--s 00000000 08:11 658463     /var/cache/fontconfig/a755afe4a08bf5b97852ceb7400b47bc-le32d4.cache-3
b4a02000-b4a09000 r--s 00000000 08:11 658460     /var/cache/fontconfig/6d41288fd70b0be22e8c3a91e032eec0-le32d4.cache-3
b4a09000-b4a14000 r--s 00000000 08:11 658458     /var/cache/fontconfig/04aabc0a78ac019cf9454389977116d2-le32d4.cache-3
b4a14000-b4a17000 r--s 00000000 08:11 658456     /var/cache/fontconfig/385c0604a188198f04d133e54aba7fe7-le32d4.cache-3
b4a17000-b4a5c000 r--s 00000000 08:11 141029     /home/jacko/.fontconfig/1628aa0229ea9560e2a6eb280dd13c3c-le32d4.cache-3
b4a5c000-b4a5f000 ---p 00000000 00:00 0 
b4a5f000-b4aad000 rw-p 00000000 00:00 0 
b4aad000-b4ab0000 ---p 00000000 00:00 0 
b4ab0000-b4afe000 rw-p 00000000 00:00 0 
b4afe000-b4aff000 ---p 00000000 00:00 0 
b4aff000-b4b7f000 rw-p 00000000 00:00 0 
b4b7f000-b4b82000 ---p 00000000 00:00 0 
b4b82000-b4c00000 rw-p 00000000 00:00 0 
b4c00000-b4e00000 r--p 00000000 08:11 403514     /usr/lib/locale/locale-archive
b4e00000-b4ef6000 rw-p 00000000 00:00 0 
b4ef6000-b4f00000 ---p 00000000 00:00 0 
b4f00000-b4f01000 r--s 00000000 08:11 659488     /var/cache/fontconfig/e7071f4a29fa870f4323321c154eba04-le32d4.cache-3
b4f01000-b4f02000 r--s 00000000 08:11 658321     /var/cache/fontconfig/4794a0821666d79190d59a36cb4f44b5-le32d4.cache-3
b4f02000-b4f05000 r--s 00000000 08:11 658320     /var/cache/fontconfig/8801497958630a81b71ace7c5f9b32a8-le32d4.cache-3
b4f05000-b4f09000 r--s 00000000 08:11 658316     /var/cache/fontconfig/3047814df9a2f067bd2d96a2b9c36e5a-le32d4.cache-3
b4f09000-b4f0d000 r--s 00000000 08:11 657906     /var/cache/fontconfig/b47c4e1ecd0709278f4910c18777a504-le32d4.cache-3
b4f0d000-b4f10000 ---p 00000000 00:00 0 
b4f10000-b4f5e000 rw-p 00000000 00:00 0 
b4f5e000-b4f61000 ---p 00000000 00:00 0 
b4f61000-b4faf000 rw-p 00000000 00:00 0 
b4faf000-b4fb2000 ---p 00000000 00:00 0 
b4fb2000-b5000000 rw-p 00000000 00:00 0 
b5000000-b50f5000 rw-p 00000000 00:00 0 
b50f5000-b5100000 ---p 00000000 00:00 0 
b5100000-b5101000 r--s 00000000 08:11 658521     /var/cache/fontconfig/0d8c3b2ac0904cb8a57a757ad11a4a08-le32d4.cache-3
b5101000-b5102000 r--s 00000000 08:11 658151     /var/cache/fontconfig/56cf4f4769d0f4abc89a4895d7bd3ae1-le32d4.cache-3
b5102000-b5103000 r--s 00000000 08:11 657908     /var/cache/fontconfig/b9d506c9ac06c20b433354fa67a72993-le32d4.cache-3
b5103000-b5110000 r--s 00000000 08:11 657702     /var/cache/fontconfig/d52a8644073d54c13679302ca1180695-le32d4.cache-3
b5110000-b5114000 r--s 00000000 08:11 657701     /var/cache/fontconfig/3f7329c5293ffd510edef78f73874cfd-le32d4.cache-3
b5114000-b5116000 r--s 00000000 08:11 657692     /var/cache/fontconfig/e13b20fdb08344e0e664864cc2ede53d-le32d4.cache-3
b5116000-b5119000 r--s 00000000 08:11 657700     /var/cache/fontconfig/7ef2298fde41cc6eeb7af42e48b7d293-le32d4.cache-3
b5119000-b511a000 r--p 00000000 00:00 0 
b511a000-b5121000 r--s 000fb000 08:11 404912     /usr/lib/jvm/java-6-openjdk-common/jre/lib/resources.jar
b5121000-b5132000 r--s 000b5000 08:11 12400      /home/jacko/workspace/driver/AVlibs/jogl-test.jar
b5132000-b5149000 r--s 00441000 08:11 12399      /home/jacko/workspace/driver/AVlibs/jogl-all-noawt.jar
b5149000-b514a000 r--s 00023000 08:11 12398      /home/jacko/workspace/driver/AVlibs/jogl-all-natives-linux-i586.jar
b514a000-b514f000 r--s 0002c000 08:11 12395      /home/jacko/workspace/driver/AVlibs/gluegen-rt.jar
b514f000-b5150000 r--s 00000000 08:11 12394      /home/jacko/workspace/driver/AVlibs/gluegen-rt-natives-linux-i586.jar
b5150000-b5153000 ---p 00000000 00:00 0 
b5153000-b51a1000 rw-p 00000000 00:00 0 
b51a1000-b51a2000 ---p 00000000 00:00 0 
b51a2000-b5222000 rw-p 00000000 00:00 0 
b5222000-b53b4000 r--s 037bf000 08:11 404937     /usr/lib/jvm/java-6-openjdk-i386/jre/lib/rt.jar
b53b4000-b53ba000 rw-p 00000000 00:00 0 
b53ba000-b545b000 rw-p 00000000 00:00 0 
b545b000-b545e000 rw-p 00000000 00:00 0 
b545e000-b54ae000 rw-p 00000000 00:00 0 
b54ae000-b54b4000 rw-p 00000000 00:00 0 
b54b4000-b5554000 rw-p 00000000 00:00 0 
b5554000-b555a000 rw-p 00000000 00:00 0 
b555a000-b5574000 rw-p 00000000 00:00 0 
b5574000-b5583000 rw-p 00000000 00:00 0 
b5583000-b5600000 rw-p 00000000 00:00 0 
b5600000-b56c0000 rwxp 00000000 00:00 0 
b56c0000-b76ff000 rw-p 00000000 00:00 0 
b76ff000-b7700000 ---p 00000000 00:00 0 
b7700000-b7703000 r--s 00077000 08:11 404904     /usr/lib/jvm/java-6-openjdk-common/jre/lib/ext/localedata.jar
b7703000-b7707000 r--s 00038000 08:11 404903     /usr/lib/jvm/java-6-openjdk-common/jre/lib/ext/sunpkcs11.jar
b7707000-b7709000 r--s 00001000 08:11 404906     /usr/lib/jvm/java-6-openjdk-common/jre/lib/ext/dnsns.jar
b7709000-b770c000 r--s 00031000 08:11 404905     /usr/lib/jvm/java-6-openjdk-common/jre/lib/ext/sunjce_provider.jar
b770c000-b774d000 rw-p 00000000 00:00 0 
b774d000-b7767000 rw-p 00000000 00:00 0 
b7767000-b776a000 ---p 00000000 00:00 0 
b776a000-b77bb000 rw-p 00000000 00:00 0 
b77bb000-b77bd000 r--s 0000f000 08:11 404907     /usr/lib/jvm/java-6-openjdk-common/jre/lib/ext/pulse-java.jar
b77bd000-b77be000 r--s 00007000 08:11 666642     /usr/share/java/java-atk-wrapper.jar
b77be000-b77bf000 r--p 005d8000 08:11 403514     /usr/lib/locale/locale-archive
b77bf000-b77c5000 rw-p 00000000 00:00 0 
b77c5000-b77cd000 rw-s 00000000 08:11 263034     /tmp/hsperfdata_jacko/7439
b77cd000-b77ce000 rw-p 00000000 00:00 0 
b77ce000-b77cf000 r--p 00000000 00:00 0 
b77cf000-b77d1000 rw-p 00000000 00:00 0 
bf833000-bf854000 rw-p 00000000 00:00 0          [stack]

VM Arguments:
jvm_args: -Dfile.encoding=UTF-8 
java_command: local.raspberrypi.jackokring.driver.Controller
Launcher Type: SUN_STANDARD

Environment Variables:
PATH=/usr/local/sbin:/usr/local/bin:/usr/sbin:/usr/bin:/sbin:/bin:/usr/games
USERNAME=jacko
LD_LIBRARY_PATH=/usr/lib/jvm/java-6-openjdk-i386/jre/lib/i386/client:/usr/lib/jvm/java-6-openjdk-i386/jre/lib/i386:/usr/lib/jvm/java-6-openjdk-i386/jre/../lib/i386:/usr/lib/jvm/java-6-openjdk-i386/jre/lib/i386/client:/usr/lib/jvm/java-6-openjdk-i386/jre/lib/i386:
SHELL=/bin/bash
DISPLAY=:0.0

Signal Handlers:
SIGSEGV: [libjvm.so+0x3e3530], sa_mask[0]=0x7ffbfeff, sa_flags=0x10000004
SIGBUS: [libjvm.so+0x3e3530], sa_mask[0]=0x7ffbfeff, sa_flags=0x10000004
SIGFPE: [libjvm.so+0x300e50], sa_mask[0]=0x7ffbfeff, sa_flags=0x10000004
SIGPIPE: [libjvm.so+0x300e50], sa_mask[0]=0x7ffbfeff, sa_flags=0x10000004
SIGXFSZ: [libjvm.so+0x300e50], sa_mask[0]=0x7ffbfeff, sa_flags=0x10000004
SIGILL: [libjvm.so+0x300e50], sa_mask[0]=0x7ffbfeff, sa_flags=0x10000004
SIGUSR1: SIG_DFL, sa_mask[0]=0x00000000, sa_flags=0x00000000
SIGUSR2: [libjvm.so+0x300ce0], sa_mask[0]=0x00000004, sa_flags=0x10000004
SIGHUP: [libjvm.so+0x303d80], sa_mask[0]=0x7ffbfeff, sa_flags=0x10000004
SIGINT: [libjvm.so+0x303d80], sa_mask[0]=0x7ffbfeff, sa_flags=0x10000004
SIGTERM: [libjvm.so+0x303d80], sa_mask[0]=0x7ffbfeff, sa_flags=0x10000004
SIGQUIT: [libjvm.so+0x303d80], sa_mask[0]=0x7ffbfeff, sa_flags=0x10000004


---------------  S Y S T E M  ---------------

OS:LinuxMint 13 (maya)
uname:Linux 3.2.0-23-generic #36-Ubuntu SMP Tue Apr 10 20:41:14 UTC 2012 i686
libc:glibc 2.15 NPTL 2.15 
rlimit: STACK 8192k, CORE 0k, NPROC 7832, NOFILE 4096, AS infinity
load average:0.96 0.90 0.83

/proc/meminfo:
MemTotal:        1017108 kB
MemFree:           80940 kB
Buffers:           14984 kB
Cached:           359616 kB
SwapCached:        38564 kB
Active:           474212 kB
Inactive:         399856 kB
Active(anon):     261140 kB
Inactive(anon):   277840 kB
Active(file):     213072 kB
Inactive(file):   122016 kB
Unevictable:           0 kB
Mlocked:               0 kB
HighTotal:        130696 kB
HighFree:           1720 kB
LowTotal:         886412 kB
LowFree:           79220 kB
SwapTotal:        705532 kB
SwapFree:         574848 kB
Dirty:              1000 kB
Writeback:             0 kB
AnonPages:        483280 kB
Mapped:            73524 kB
Shmem:             39500 kB
Slab:              40456 kB
SReclaimable:      26248 kB
SUnreclaim:        14208 kB
KernelStack:        2920 kB
PageTables:         7512 kB
NFS_Unstable:          0 kB
Bounce:                0 kB
WritebackTmp:          0 kB
CommitLimit:     1214084 kB
Committed_AS:    2363700 kB
VmallocTotal:     122880 kB
VmallocUsed:       11080 kB
VmallocChunk:     106652 kB
HardwareCorrupted:     0 kB
AnonHugePages:         0 kB
HugePages_Total:       0
HugePages_Free:        0
HugePages_Rsvd:        0
HugePages_Surp:        0
Hugepagesize:       4096 kB
DirectMap4k:       24568 kB
DirectMap4M:      884736 kB


CPU:total 2 (1 cores per cpu, 2 threads per core) family 6 model 28 stepping 2, cmov, cx8, fxsr, mmx, sse, sse2, sse3, ssse3, ht

Memory: 4k page, physical 1017108k(80940k free), swap 705532k(574848k free)

vm_info: OpenJDK Client VM (20.0-b12) for linux-x86 JRE (1.6.0_24-b24), built on Sep  1 2012 19:15:39 by "buildd" with gcc 4.6.3

time: Thu Oct  4 00:37:06 2012
elapsed time: 2 seconds

