#
# A fatal error has been detected by the Java Runtime Environment:
#
#  SIGSEGV (0xb) at pc=0x0047c3a4, pid=30320, tid=3016751936
#
# JRE version: 6.0_24-b24
# Java VM: OpenJDK Client VM (20.0-b12 mixed mode, sharing linux-x86 )
# Derivative: IcedTea6 1.11.4
# Distribution: Ubuntu 12.04 LTS, package 6b24-1.11.4-1ubuntu0.12.04.1
# Problematic frame:
# C  [libX11.so.6+0x373a4]  _XEventsQueued+0x24
#
# If you would like to submit a bug report, please include
# instructions how to reproduce the bug and visit:
#   https://bugs.launchpad.net/ubuntu/+source/openjdk-6/
# The crash happened outside the Java Virtual Machine in native code.
# See problematic frame for where to report the bug.
#

---------------  T H R E A D  ---------------

Current thread (0xb480e800):  JavaThread "main-Display-X11_:0.0-1-EDT-1" daemon [_thread_in_native, id=30358, stack(0xb3caf000,0xb3d00000)]

siginfo:si_signo=SIGSEGV: si_errno=0, si_code=1 (SEGV_MAPERR), si_addr=0x00000028

Registers:
EAX=0x00000000, EBX=0x00575ff4, ECX=0xb77b1000, EDX=0x012d9e0c
ESP=0xb3cfec40, EBP=0xb3cfee98, ESI=0xb50a2100, EDI=0x00000000
EIP=0x0047c3a4, EFLAGS=0x00010246, CR2=0x00000028

Top of Stack: (sp=0xb3cfec40)
0xb3cfec40:   00000000 00000000 00000000 0000000e
0xb3cfec50:   00000001 00575ff4 b50a2100 0046d188
0xb3cfec60:   b50a2100 00000002 00467350 007c3ff4
0xb3cfec70:   007c3ff4 00fc4a00 b480e800 007c03de
0xb3cfec80:   b50a2100 b7633228 b76bd318 0000012e
0xb3cfec90:   00000000 0000001b 0000001b 00000003
0xb3cfeca0:   00000000 b480e800 012c6f00 012c6ff4
0xb3cfecb0:   b480e800 0000000b 012d9a9c 010805b0 

Instructions: (pc=0x0047c3a4)
0x0047c384:   14 8b 74 24 20 e8 89 a3 fd ff 81 c3 66 9c 0f 00
0x0047c394:   8b 86 94 00 00 00 a8 01 75 32 8b 86 38 05 00 00
0x0047c3a4:   8b 40 28 85 c0 75 25 83 7c 24 24 02 74 5e 89 f0
0x0047c3b4:   e8 47 f9 ff ff 8b 86 38 05 00 00 8b 40 34 85 c0 

Register to memory mapping:

EAX=0x00000000 is an unknown value
EBX=0x00575ff4: <offset 0x130ff4> in /usr/lib/i386-linux-gnu/libX11.so.6 at 0x00445000
ECX=0xb77b1000 is an unknown value
EDX=0x012d9e0c: <offset 0x53ce0c> in /usr/lib/jvm/java-6-openjdk-i386/jre/lib/i386/client/libjvm.so at 0x00d9d000
ESP=0xb3cfec40 is pointing into the stack for thread: 0xb480e800
EBP=0xb3cfee98 is pointing into the stack for thread: 0xb480e800
ESI=0xb50a2100 is an unknown value
EDI=0x00000000 is an unknown value


Stack: [0xb3caf000,0xb3d00000],  sp=0xb3cfec40,  free space=319k
Native frames: (J=compiled Java code, j=interpreted, Vv=VM code, C=native code)
C  [libX11.so.6+0x373a4]  _XEventsQueued+0x24
J  jogamp.newt.driver.x11.X11Display.DispatchMessages0(JJJ)V
J  jogamp.newt.driver.x11.X11Display.dispatchMessagesNative()V
v  ~StubRoutines::call_stub
V  [libjvm.so+0x20faf6]  JavaCalls::call_helper(JavaValue*, methodHandle*, JavaCallArguments*, Thread*)+0x2c6

Java frames: (J=compiled Java code, j=interpreted, Vv=VM code)
J  jogamp.newt.driver.x11.X11Display.DispatchMessages0(JJJ)V
J  jogamp.newt.driver.x11.X11Display.dispatchMessagesNative()V
J  jogamp.newt.DisplayImpl.dispatchMessages()V
J  jogamp.newt.DisplayImpl$DispatchMessagesRunnable.run()V
j  jogamp.newt.DefaultEDTUtil$EventDispatchThread.run()V+61
v  ~StubRoutines::call_stub

---------------  P R O C E S S  ---------------

Java Threads: ( => current thread )
  0xb50aec00 JavaThread "main-Display-X11_:0.0-1-EDT-2" daemon [_thread_blocked, id=30533, stack(0xb3c5e000,0xb3caf000)]
  0xb7605800 JavaThread "DestroyJavaVM" [_thread_blocked, id=30325, stack(0xb774b000,0xb779c000)]
  0xb4813400 JavaThread "Thread-5" [_thread_blocked, id=30362, stack(0xb3c0d000,0xb3c5e000)]
=>0xb480e800 JavaThread "main-Display-X11_:0.0-1-EDT-1" daemon [_thread_in_native, id=30358, stack(0xb3caf000,0xb3d00000)]
  0xb4802400 JavaThread "AWT-XAWT" daemon [_thread_in_native, id=30352, stack(0xb4a9c000,0xb4aed000)]
  0xb76be800 JavaThread "Java2D Disposer" daemon [_thread_blocked, id=30351, stack(0xb4a4b000,0xb4a9c000)]
  0xb763c800 JavaThread "Low Memory Detector" daemon [_thread_blocked, id=30331, stack(0xb4f0d000,0xb4f5e000)]
  0xb763ac00 JavaThread "C1 CompilerThread0" daemon [_thread_blocked, id=30330, stack(0xb4b7f000,0xb4c00000)]
  0xb7639000 JavaThread "Signal Dispatcher" daemon [_thread_blocked, id=30329, stack(0xb4f5e000,0xb4faf000)]
  0xb7634c00 JavaThread "Finalizer" daemon [_thread_blocked, id=30328, stack(0xb4faf000,0xb5000000)]
  0xb7633400 JavaThread "Reference Handler" daemon [_thread_blocked, id=30327, stack(0xb511d000,0xb516e000)]

Other Threads:
  0xb7631800 VMThread [stack: 0xb516e000,0xb51ef000] [id=30326]
  0xb763f000 WatcherThread [stack: 0xb4afe000,0xb4b7f000] [id=30332]

VM state:not at safepoint (normal execution)

VM Mutex/Monitor currently owned by a thread: None

Heap
 def new generation   total 4800K, used 3841K [0x70580000, 0x70ab0000, 0x7ab80000)
  eden space 4288K,  77% used [0x70580000, 0x708c0448, 0x709b0000)
  from space 512K, 100% used [0x709b0000, 0x70a30000, 0x70a30000)
  to   space 512K,   0% used [0x70a30000, 0x70a30000, 0x70ab0000)
 tenured generation   total 10624K, used 786K [0x7ab80000, 0x7b5e0000, 0x8f780000)
   the space 10624K,   7% used [0x7ab80000, 0x7ac44990, 0x7ac44a00, 0x7b5e0000)
 compacting perm gen  total 12288K, used 4656K [0x8f780000, 0x90380000, 0x93780000)
   the space 12288K,  37% used [0x8f780000, 0x8fc0c0f0, 0x8fc0c200, 0x90380000)
    ro space 10240K,  73% used [0x93780000, 0x93ee0340, 0x93ee0400, 0x94180000)
    rw space 12288K,  60% used [0x94180000, 0x948c8e50, 0x948c9000, 0x94d80000)

Code Cache  [0xb5600000, 0xb5700000, 0xb7600000)
 total_blobs=720 nmethods=304 adapters=352 free_code_cache=32522880 largest_free_block=64

Dynamic libraries:
00110000-002b3000 r-xp 00000000 08:11 151496     /lib/i386-linux-gnu/libc-2.15.so
002b3000-002b4000 ---p 001a3000 08:11 151496     /lib/i386-linux-gnu/libc-2.15.so
002b4000-002b6000 r--p 001a3000 08:11 151496     /lib/i386-linux-gnu/libc-2.15.so
002b6000-002b7000 rw-p 001a5000 08:11 151496     /lib/i386-linux-gnu/libc-2.15.so
002b7000-002ba000 rw-p 00000000 00:00 0 
002ba000-002e4000 r-xp 00000000 08:11 151470     /lib/i386-linux-gnu/libm-2.15.so
002e4000-002e5000 r--p 00029000 08:11 151470     /lib/i386-linux-gnu/libm-2.15.so
002e5000-002e6000 rw-p 0002a000 08:11 151470     /lib/i386-linux-gnu/libm-2.15.so
002e6000-00302000 r-xp 00000000 08:11 132029     /lib/i386-linux-gnu/libgcc_s.so.1
00302000-00303000 r--p 0001b000 08:11 132029     /lib/i386-linux-gnu/libgcc_s.so.1
00303000-00304000 rw-p 0001c000 08:11 132029     /lib/i386-linux-gnu/libgcc_s.so.1
00304000-0031a000 r-xp 00000000 08:11 151490     /lib/i386-linux-gnu/libnsl-2.15.so
0031a000-0031b000 r--p 00015000 08:11 151490     /lib/i386-linux-gnu/libnsl-2.15.so
0031b000-0031c000 rw-p 00016000 08:11 151490     /lib/i386-linux-gnu/libnsl-2.15.so
0031c000-0031e000 rw-p 00000000 00:00 0 
0031e000-00324000 r-xp 00000000 08:11 263015     /tmp/jogamp_0000/file_cache/jln4058904543674461874/jln84487929573933820/libnativewindow_x11.so
00324000-00325000 r--p 00005000 08:11 263015     /tmp/jogamp_0000/file_cache/jln4058904543674461874/jln84487929573933820/libnativewindow_x11.so
00325000-00326000 rw-p 00006000 08:11 263015     /tmp/jogamp_0000/file_cache/jln4058904543674461874/jln84487929573933820/libnativewindow_x11.so
00326000-0032e000 r-xp 00000000 08:11 401049     /usr/lib/i386-linux-gnu/libXrender.so.1.3.0
0032e000-0032f000 r--p 00007000 08:11 401049     /usr/lib/i386-linux-gnu/libXrender.so.1.3.0
0032f000-00330000 rw-p 00008000 08:11 401049     /usr/lib/i386-linux-gnu/libXrender.so.1.3.0
00330000-00332000 r-xp 00000000 08:11 401014     /usr/lib/i386-linux-gnu/libXau.so.6.0.0
00332000-00333000 r--p 00001000 08:11 401014     /usr/lib/i386-linux-gnu/libXau.so.6.0.0
00333000-00334000 rw-p 00002000 08:11 401014     /usr/lib/i386-linux-gnu/libXau.so.6.0.0
00334000-00339000 r-xp 00000000 08:11 401055     /usr/lib/i386-linux-gnu/libXtst.so.6.1.0
00339000-0033a000 r--p 00004000 08:11 401055     /usr/lib/i386-linux-gnu/libXtst.so.6.1.0
0033a000-0033b000 rw-p 00005000 08:11 401055     /usr/lib/i386-linux-gnu/libXtst.so.6.1.0
0033b000-0033c000 r-xp 00000000 08:11 401006     /usr/lib/i386-linux-gnu/libX11-xcb.so.1.0.0
0033c000-0033d000 r--p 00000000 08:11 401006     /usr/lib/i386-linux-gnu/libX11-xcb.so.1.0.0
0033d000-0033e000 rw-p 00001000 08:11 401006     /usr/lib/i386-linux-gnu/libX11-xcb.so.1.0.0
0033e000-00340000 r-xp 00000000 08:11 401037     /usr/lib/i386-linux-gnu/libXinerama.so.1.0.0
00340000-00341000 r--p 00001000 08:11 401037     /usr/lib/i386-linux-gnu/libXinerama.so.1.0.0
00341000-00342000 rw-p 00002000 08:11 401037     /usr/lib/i386-linux-gnu/libXinerama.so.1.0.0
00342000-00343000 rwxp 00000000 00:00 0 
00345000-0035c000 r-xp 00000000 08:11 151498     /lib/i386-linux-gnu/libpthread-2.15.so
0035c000-0035d000 r--p 00016000 08:11 151498     /lib/i386-linux-gnu/libpthread-2.15.so
0035d000-0035e000 rw-p 00017000 08:11 151498     /lib/i386-linux-gnu/libpthread-2.15.so
0035e000-00360000 rw-p 00000000 00:00 0 
00360000-00438000 r-xp 00000000 08:11 401596     /usr/lib/i386-linux-gnu/libstdc++.so.6.0.16
00438000-00439000 ---p 000d8000 08:11 401596     /usr/lib/i386-linux-gnu/libstdc++.so.6.0.16
00439000-0043d000 r--p 000d8000 08:11 401596     /usr/lib/i386-linux-gnu/libstdc++.so.6.0.16
0043d000-0043e000 rw-p 000dc000 08:11 401596     /usr/lib/i386-linux-gnu/libstdc++.so.6.0.16
0043e000-00445000 rw-p 00000000 00:00 0 
00445000-00575000 r-xp 00000000 08:11 401010     /usr/lib/i386-linux-gnu/libX11.so.6.3.0
00575000-00576000 r--p 0012f000 08:11 401010     /usr/lib/i386-linux-gnu/libX11.so.6.3.0
00576000-00578000 rw-p 00130000 08:11 401010     /usr/lib/i386-linux-gnu/libX11.so.6.3.0
00578000-00579000 rw-p 00000000 00:00 0 
00579000-00587000 r-xp 00000000 08:11 401035     /usr/lib/i386-linux-gnu/libXi.so.6.1.0
00587000-00588000 r--p 0000d000 08:11 401035     /usr/lib/i386-linux-gnu/libXi.so.6.1.0
00588000-00589000 rw-p 0000e000 08:11 401035     /usr/lib/i386-linux-gnu/libXi.so.6.1.0
00589000-005c3000 r-xp 00000000 08:11 404936     /usr/lib/jvm/java-6-openjdk-i386/jre/lib/i386/libfontmanager.so
005c3000-005c4000 r--p 00039000 08:11 404936     /usr/lib/jvm/java-6-openjdk-i386/jre/lib/i386/libfontmanager.so
005c4000-005c5000 rw-p 0003a000 08:11 404936     /usr/lib/jvm/java-6-openjdk-i386/jre/lib/i386/libfontmanager.so
005cc000-005f2000 r-xp 00000000 08:11 402984     /usr/lib/jvm/java-6-openjdk-i386/jre/lib/i386/libjava.so
005f2000-005f3000 r--p 00025000 08:11 402984     /usr/lib/jvm/java-6-openjdk-i386/jre/lib/i386/libjava.so
005f3000-005f5000 rw-p 00026000 08:11 402984     /usr/lib/jvm/java-6-openjdk-i386/jre/lib/i386/libjava.so
005f5000-005fe000 r-xp 00000000 08:11 401021     /usr/lib/i386-linux-gnu/libXcursor.so.1.0.2
005fe000-005ff000 r--p 00008000 08:11 401021     /usr/lib/i386-linux-gnu/libXcursor.so.1.0.2
005ff000-00600000 rw-p 00009000 08:11 401021     /usr/lib/i386-linux-gnu/libXcursor.so.1.0.2
00600000-00652000 r-xp 00000000 08:11 401745     /usr/lib/i386-linux-gnu/mesa/libGL.so.1.2
00652000-00654000 r--p 00051000 08:11 401745     /usr/lib/i386-linux-gnu/mesa/libGL.so.1.2
00654000-00659000 rwxp 00053000 08:11 401745     /usr/lib/i386-linux-gnu/mesa/libGL.so.1.2
00659000-00664000 r-xp 00000000 08:11 401202     /usr/lib/i386-linux-gnu/libdrm.so.2.4.0
00664000-00665000 r--p 0000a000 08:11 401202     /usr/lib/i386-linux-gnu/libdrm.so.2.4.0
00665000-00666000 rw-p 0000b000 08:11 401202     /usr/lib/i386-linux-gnu/libdrm.so.2.4.0
0066d000-00677000 r-xp 00000000 08:11 151502     /lib/i386-linux-gnu/libnss_nis-2.15.so
00677000-00678000 r--p 00009000 08:11 151502     /lib/i386-linux-gnu/libnss_nis-2.15.so
00678000-00679000 rw-p 0000a000 08:11 151502     /lib/i386-linux-gnu/libnss_nis-2.15.so
0067c000-0067d000 r-xp 00000000 00:00 0          [vdso]
0067d000-0068c000 r-xp 00000000 08:11 401748     /usr/lib/i386-linux-gnu/libglapi.so.0.0.0
0068c000-0068e000 r--p 0000f000 08:11 401748     /usr/lib/i386-linux-gnu/libglapi.so.0.0.0
0068e000-00693000 rwxp 00011000 08:11 401748     /usr/lib/i386-linux-gnu/libglapi.so.0.0.0
00693000-006a9000 r-xp 00000000 08:11 401678     /usr/lib/i386-linux-gnu/libxcb-glx.so.0.0.0
006a9000-006aa000 r--p 00016000 08:11 401678     /usr/lib/i386-linux-gnu/libxcb-glx.so.0.0.0
006aa000-006ab000 rw-p 00017000 08:11 401678     /usr/lib/i386-linux-gnu/libxcb-glx.so.0.0.0
006ab000-006d1000 r-xp 00000000 08:11 147726     /lib/i386-linux-gnu/libexpat.so.1.5.2
006d1000-006d2000 ---p 00026000 08:11 147726     /lib/i386-linux-gnu/libexpat.so.1.5.2
006d2000-006d4000 r--p 00026000 08:11 147726     /lib/i386-linux-gnu/libexpat.so.1.5.2
006d4000-006d5000 rw-p 00028000 08:11 147726     /lib/i386-linux-gnu/libexpat.so.1.5.2
006d5000-006f2000 r-xp 00000000 08:11 401204     /usr/lib/i386-linux-gnu/libdrm_intel.so.1.0.0
006f2000-006f3000 r--p 0001c000 08:11 401204     /usr/lib/i386-linux-gnu/libdrm_intel.so.1.0.0
006f3000-006f4000 rw-p 0001d000 08:11 401204     /usr/lib/i386-linux-gnu/libdrm_intel.so.1.0.0
006f5000-00714000 r-xp 00000000 08:11 401694     /usr/lib/i386-linux-gnu/libxcb.so.1.1.0
00714000-00715000 r--p 0001f000 08:11 401694     /usr/lib/i386-linux-gnu/libxcb.so.1.1.0
00715000-00716000 rw-p 00020000 08:11 401694     /usr/lib/i386-linux-gnu/libxcb.so.1.1.0
00716000-0079d000 r-xp 00000000 08:11 263012     /tmp/jogamp_0000/file_cache/jln4058904543674461874/jln84487929573933820/libjogl_desktop.so
0079d000-0079e000 r--p 00086000 08:11 263012     /tmp/jogamp_0000/file_cache/jln4058904543674461874/jln84487929573933820/libjogl_desktop.so
0079e000-0079f000 rw-p 00087000 08:11 263012     /tmp/jogamp_0000/file_cache/jln4058904543674461874/jln84487929573933820/libjogl_desktop.so
007a6000-007ad000 r-xp 00000000 08:11 402989     /usr/lib/jvm/java-6-openjdk-i386/jre/lib/i386/libzip.so
007ad000-007ae000 r--p 00006000 08:11 402989     /usr/lib/jvm/java-6-openjdk-i386/jre/lib/i386/libzip.so
007ae000-007af000 rw-p 00007000 08:11 402989     /usr/lib/jvm/java-6-openjdk-i386/jre/lib/i386/libzip.so
007af000-007b8000 r-xp 00000000 08:11 401503     /usr/lib/i386-linux-gnu/libpciaccess.so.0.11.0
007b8000-007b9000 r--p 00008000 08:11 401503     /usr/lib/i386-linux-gnu/libpciaccess.so.0.11.0
007b9000-007ba000 rw-p 00009000 08:11 401503     /usr/lib/i386-linux-gnu/libpciaccess.so.0.11.0
007ba000-007c3000 r-xp 00000000 08:11 265408     /tmp/jogamp_0000/file_cache/jln4058904543674461874/jln84487929573933820/libnewt.so
007c3000-007c4000 r--p 00008000 08:11 265408     /tmp/jogamp_0000/file_cache/jln4058904543674461874/jln84487929573933820/libnewt.so
007c4000-007c5000 rw-p 00009000 08:11 265408     /tmp/jogamp_0000/file_cache/jln4058904543674461874/jln84487929573933820/libnewt.so
007c5000-007cc000 r-xp 00000000 08:11 401047     /usr/lib/i386-linux-gnu/libXrandr.so.2.2.0
007cc000-007cd000 r--p 00006000 08:11 401047     /usr/lib/i386-linux-gnu/libXrandr.so.2.2.0
007cd000-007ce000 rw-p 00007000 08:11 401047     /usr/lib/i386-linux-gnu/libXrandr.so.2.2.0
0080a000-00815000 r-xp 00000000 08:11 151486     /lib/i386-linux-gnu/libnss_files-2.15.so
00815000-00816000 r--p 0000a000 08:11 151486     /lib/i386-linux-gnu/libnss_files-2.15.so
00816000-00817000 rw-p 0000b000 08:11 151486     /lib/i386-linux-gnu/libnss_files-2.15.so
00836000-00856000 r-xp 00000000 08:11 151488     /lib/i386-linux-gnu/ld-2.15.so
00856000-00857000 r--p 0001f000 08:11 151488     /lib/i386-linux-gnu/ld-2.15.so
00857000-00858000 rw-p 00020000 08:11 151488     /lib/i386-linux-gnu/ld-2.15.so
008c1000-008c3000 r-xp 00000000 08:11 263011     /tmp/jogamp_0000/file_cache/jln4058904543674461874/jln84487929573933820/libgluegen-rt.so
008c3000-008c4000 r--p 00001000 08:11 263011     /tmp/jogamp_0000/file_cache/jln4058904543674461874/jln84487929573933820/libgluegen-rt.so
008c4000-008c5000 rw-p 00002000 08:11 263011     /tmp/jogamp_0000/file_cache/jln4058904543674461874/jln84487929573933820/libgluegen-rt.so
008d9000-00925000 r-xp 00000000 08:11 402998     /usr/lib/jvm/java-6-openjdk-i386/jre/lib/i386/xawt/libmawt.so
00925000-00926000 r--p 0004b000 08:11 402998     /usr/lib/jvm/java-6-openjdk-i386/jre/lib/i386/xawt/libmawt.so
00926000-00928000 rw-p 0004c000 08:11 402998     /usr/lib/jvm/java-6-openjdk-i386/jre/lib/i386/xawt/libmawt.so
00928000-00929000 rw-p 00000000 00:00 0 
00934000-00948000 r-xp 00000000 08:11 132119     /lib/i386-linux-gnu/libz.so.1.2.3.4
00948000-00949000 r--p 00013000 08:11 132119     /lib/i386-linux-gnu/libz.so.1.2.3.4
00949000-0094a000 rw-p 00014000 08:11 132119     /lib/i386-linux-gnu/libz.so.1.2.3.4
00962000-00964000 r-xp 00000000 08:11 401023     /usr/lib/i386-linux-gnu/libXdamage.so.1.1.0
00964000-00965000 r--p 00001000 08:11 401023     /usr/lib/i386-linux-gnu/libXdamage.so.1.1.0
00965000-00966000 rw-p 00002000 08:11 401023     /usr/lib/i386-linux-gnu/libXdamage.so.1.1.0
00977000-0097e000 r-xp 00000000 08:11 151462     /lib/i386-linux-gnu/libnss_compat-2.15.so
0097e000-0097f000 r--p 00006000 08:11 151462     /lib/i386-linux-gnu/libnss_compat-2.15.so
0097f000-00980000 rw-p 00007000 08:11 151462     /lib/i386-linux-gnu/libnss_compat-2.15.so
009d4000-009d8000 r-xp 00000000 08:11 401031     /usr/lib/i386-linux-gnu/libXfixes.so.3.1.0
009d8000-009d9000 r--p 00004000 08:11 401031     /usr/lib/i386-linux-gnu/libXfixes.so.3.1.0
009d9000-009da000 rw-p 00005000 08:11 401031     /usr/lib/i386-linux-gnu/libXfixes.so.3.1.0
009eb000-009f3000 r-xp 00000000 08:11 402988     /usr/lib/jvm/java-6-openjdk-i386/jre/lib/i386/libnio.so
009f3000-009f4000 r--p 00007000 08:11 402988     /usr/lib/jvm/java-6-openjdk-i386/jre/lib/i386/libnio.so
009f4000-009f5000 rw-p 00008000 08:11 402988     /usr/lib/jvm/java-6-openjdk-i386/jre/lib/i386/libnio.so
00a1e000-00a22000 r-xp 00000000 08:11 403110     /usr/lib/jvm/java-6-openjdk-i386/jre/lib/i386/jli/libjli.so
00a22000-00a23000 r--p 00003000 08:11 403110     /usr/lib/jvm/java-6-openjdk-i386/jre/lib/i386/jli/libjli.so
00a23000-00a24000 rw-p 00004000 08:11 403110     /usr/lib/jvm/java-6-openjdk-i386/jre/lib/i386/jli/libjli.so
00a42000-00a52000 r-xp 00000000 08:11 401029     /usr/lib/i386-linux-gnu/libXext.so.6.4.0
00a52000-00a53000 r--p 0000f000 08:11 401029     /usr/lib/i386-linux-gnu/libXext.so.6.4.0
00a53000-00a54000 rw-p 00010000 08:11 401029     /usr/lib/i386-linux-gnu/libXext.so.6.4.0
00a6e000-00a79000 r-xp 00000000 08:11 404926     /usr/lib/jvm/java-6-openjdk-i386/jre/lib/i386/libverify.so
00a79000-00a7a000 ---p 0000b000 08:11 404926     /usr/lib/jvm/java-6-openjdk-i386/jre/lib/i386/libverify.so
00a7a000-00a7b000 r--p 0000b000 08:11 404926     /usr/lib/jvm/java-6-openjdk-i386/jre/lib/i386/libverify.so
00a7b000-00a7c000 rw-p 0000c000 08:11 404926     /usr/lib/jvm/java-6-openjdk-i386/jre/lib/i386/libverify.so
00aa8000-00aac000 r-xp 00000000 08:11 401059     /usr/lib/i386-linux-gnu/libXxf86vm.so.1.0.0
00aac000-00aad000 r--p 00003000 08:11 401059     /usr/lib/i386-linux-gnu/libXxf86vm.so.1.0.0
00aad000-00aae000 rw-p 00004000 08:11 401059     /usr/lib/i386-linux-gnu/libXxf86vm.so.1.0.0
00aae000-00b41000 r-xp 00000000 08:11 402987     /usr/lib/jvm/java-6-openjdk-i386/jre/lib/i386/libawt.so
00b41000-00b42000 r--p 00092000 08:11 402987     /usr/lib/jvm/java-6-openjdk-i386/jre/lib/i386/libawt.so
00b42000-00b49000 rw-p 00093000 08:11 402987     /usr/lib/jvm/java-6-openjdk-i386/jre/lib/i386/libawt.so
00b49000-00b6d000 rw-p 00000000 00:00 0 
00b6d000-00c02000 r-xp 00000000 08:11 401239     /usr/lib/i386-linux-gnu/libfreetype.so.6.8.0
00c02000-00c06000 r--p 00094000 08:11 401239     /usr/lib/i386-linux-gnu/libfreetype.so.6.8.0
00c06000-00c07000 rw-p 00098000 08:11 401239     /usr/lib/i386-linux-gnu/libfreetype.so.6.8.0
00c07000-00c6f000 r-xp 00000000 08:11 403594     /usr/lib/i386-linux-gnu/dri/i915_dri.so
00c6f000-00c70000 r--p 00067000 08:11 403594     /usr/lib/i386-linux-gnu/dri/i915_dri.so
00c70000-00c71000 rw-p 00068000 08:11 403594     /usr/lib/i386-linux-gnu/dri/i915_dri.so
00c79000-00c8e000 r-xp 00000000 08:11 404934     /usr/lib/jvm/java-6-openjdk-i386/jre/lib/i386/libnet.so
00c8e000-00c8f000 r--p 00014000 08:11 404934     /usr/lib/jvm/java-6-openjdk-i386/jre/lib/i386/libnet.so
00c8f000-00c90000 rw-p 00015000 08:11 404934     /usr/lib/jvm/java-6-openjdk-i386/jre/lib/i386/libnet.so
00ca0000-00ca5000 r-xp 00000000 08:11 401027     /usr/lib/i386-linux-gnu/libXdmcp.so.6.0.0
00ca5000-00ca6000 r--p 00004000 08:11 401027     /usr/lib/i386-linux-gnu/libXdmcp.so.6.0.0
00ca6000-00ca7000 rw-p 00005000 08:11 401027     /usr/lib/i386-linux-gnu/libXdmcp.so.6.0.0
00d37000-00d3e000 r-xp 00000000 08:11 151464     /lib/i386-linux-gnu/librt-2.15.so
00d3e000-00d3f000 r--p 00006000 08:11 151464     /lib/i386-linux-gnu/librt-2.15.so
00d3f000-00d40000 rw-p 00007000 08:11 151464     /lib/i386-linux-gnu/librt-2.15.so
00d98000-00d9b000 r-xp 00000000 08:11 151482     /lib/i386-linux-gnu/libdl-2.15.so
00d9b000-00d9c000 r--p 00002000 08:11 151482     /lib/i386-linux-gnu/libdl-2.15.so
00d9c000-00d9d000 rw-p 00003000 08:11 151482     /lib/i386-linux-gnu/libdl-2.15.so
00d9d000-012b0000 r-xp 00000000 08:11 404916     /usr/lib/jvm/java-6-openjdk-i386/jre/lib/i386/client/libjvm.so
012b0000-012c7000 r--p 00512000 08:11 404916     /usr/lib/jvm/java-6-openjdk-i386/jre/lib/i386/client/libjvm.so
012c7000-012d4000 rw-p 00529000 08:11 404916     /usr/lib/jvm/java-6-openjdk-i386/jre/lib/i386/client/libjvm.so
012d4000-016ec000 rw-p 00000000 00:00 0 
024c8000-025dd000 r-xp 00000000 08:11 403593     /usr/lib/i386-linux-gnu/dri/libglsl.so
025dd000-025e2000 r--p 00114000 08:11 403593     /usr/lib/i386-linux-gnu/dri/libglsl.so
025e2000-025e4000 rw-p 00119000 08:11 403593     /usr/lib/i386-linux-gnu/dri/libglsl.so
025e4000-025e5000 rw-p 00000000 00:00 0 
05324000-05d24000 rwxp 00000000 00:00 0 
06a9a000-06cf5000 r-xp 00000000 08:11 401274     /usr/lib/i386-linux-gnu/dri/libdricore.so
06cf5000-06cf6000 ---p 0025b000 08:11 401274     /usr/lib/i386-linux-gnu/dri/libdricore.so
06cf6000-06cfc000 r--p 0025b000 08:11 401274     /usr/lib/i386-linux-gnu/dri/libdricore.so
06cfc000-06cfe000 rw-p 00261000 08:11 401274     /usr/lib/i386-linux-gnu/dri/libdricore.so
06cfe000-06d13000 rw-p 00000000 00:00 0 
08048000-08051000 r-xp 00000000 08:11 402966     /usr/lib/jvm/java-6-openjdk-i386/jre/bin/java
08051000-08052000 r--p 00008000 08:11 402966     /usr/lib/jvm/java-6-openjdk-i386/jre/bin/java
08052000-08053000 rw-p 00009000 08:11 402966     /usr/lib/jvm/java-6-openjdk-i386/jre/bin/java
08c3a000-08c5b000 rw-p 00000000 00:00 0          [heap]
70580000-70ab0000 rw-p 00000000 00:00 0 
70ab0000-7ab80000 rw-p 00000000 00:00 0 
7ab80000-7b5e0000 rw-p 00000000 00:00 0 
7b5e0000-8f780000 rw-p 00000000 00:00 0 
8f780000-90380000 rw-p 00000000 00:00 0 
90380000-93780000 rw-p 00000000 00:00 0 
93780000-93ee1000 r--s 00001000 08:11 401515     /usr/lib/jvm/java-6-openjdk-i386/jre/lib/i386/client/classes.jsa
93ee1000-94180000 rw-p 00000000 00:00 0 
94180000-948c9000 rw-p 00762000 08:11 401515     /usr/lib/jvm/java-6-openjdk-i386/jre/lib/i386/client/classes.jsa
948c9000-94d80000 rw-p 00000000 00:00 0 
94d80000-94e7c000 rw-p 00eab000 08:11 401515     /usr/lib/jvm/java-6-openjdk-i386/jre/lib/i386/client/classes.jsa
94e7c000-95180000 rw-p 00000000 00:00 0 
95180000-95188000 r-xs 00fa7000 08:11 401515     /usr/lib/jvm/java-6-openjdk-i386/jre/lib/i386/client/classes.jsa
95188000-95580000 rw-p 00000000 00:00 0 
b2d00000-b2e00000 rw-p 00000000 00:00 0 
b37af000-b37b2000 ---p 00000000 00:00 0 
b37b2000-b3800000 rw-p 00000000 00:00 0 
b3800000-b38fb000 rw-p 00000000 00:00 0 
b38fb000-b3900000 ---p 00000000 00:00 0 
b3930000-b3933000 ---p 00000000 00:00 0 
b3933000-b3981000 rw-p 00000000 00:00 0 
b3b00000-b3bfe000 rw-p 00000000 00:00 0 
b3bfe000-b3c00000 ---p 00000000 00:00 0 
b3c0d000-b3c10000 ---p 00000000 00:00 0 
b3c10000-b3c5e000 rw-p 00000000 00:00 0 
b3c5e000-b3c61000 ---p 00000000 00:00 0 
b3c61000-b3caf000 rw-p 00000000 00:00 0 
b3caf000-b3cb2000 ---p 00000000 00:00 0 
b3cb2000-b3d00000 rw-p 00000000 00:00 0 
b3d00000-b3dff000 rw-p 00000000 00:00 0 
b3dff000-b3e00000 ---p 00000000 00:00 0 
b470d000-b4710000 ---p 00000000 00:00 0 
b4710000-b475e000 rw-p 00000000 00:00 0 
b475e000-b4761000 ---p 00000000 00:00 0 
b4761000-b47af000 rw-p 00000000 00:00 0 
b47af000-b47b2000 ---p 00000000 00:00 0 
b47b2000-b4800000 rw-p 00000000 00:00 0 
b4800000-b48f5000 rw-p 00000000 00:00 0 
b48f5000-b4900000 ---p 00000000 00:00 0 
b493c000-b4943000 r--s 00000000 08:11 395113     /usr/lib/i386-linux-gnu/gconv/gconv-modules.cache
b4943000-b4944000 r--s 00000000 08:11 665059     /var/cache/fontconfig/c05880de57d1f5e948fdfacc138775d9-le32d4.cache-3
b4944000-b494a000 r--s 00000000 08:11 661475     /var/cache/fontconfig/945677eb7aeaf62f1d50efc3fb3ec7d8-le32d4.cache-3
b494a000-b494c000 r--s 00000000 08:11 659724     /var/cache/fontconfig/99e8ed0e538f840c565b6ed5dad60d56-le32d4.cache-3
b494c000-b494f000 r--s 00000000 08:11 659624     /var/cache/fontconfig/2cd17615ca594fa2959ae173292e504c-le32d4.cache-3
b494f000-b4950000 r--s 00000000 08:11 659488     /var/cache/fontconfig/e7071f4a29fa870f4323321c154eba04-le32d4.cache-3
b4950000-b4951000 r--s 00000000 08:11 658521     /var/cache/fontconfig/0d8c3b2ac0904cb8a57a757ad11a4a08-le32d4.cache-3
b4951000-b4955000 r--s 00000000 08:11 658463     /var/cache/fontconfig/a755afe4a08bf5b97852ceb7400b47bc-le32d4.cache-3
b4955000-b495c000 r--s 00000000 08:11 658460     /var/cache/fontconfig/6d41288fd70b0be22e8c3a91e032eec0-le32d4.cache-3
b495c000-b4967000 r--s 00000000 08:11 658458     /var/cache/fontconfig/04aabc0a78ac019cf9454389977116d2-le32d4.cache-3
b4967000-b496a000 r--s 00000000 08:11 658456     /var/cache/fontconfig/385c0604a188198f04d133e54aba7fe7-le32d4.cache-3
b496a000-b496b000 r--s 00000000 08:11 658321     /var/cache/fontconfig/4794a0821666d79190d59a36cb4f44b5-le32d4.cache-3
b496b000-b496e000 r--s 00000000 08:11 658320     /var/cache/fontconfig/8801497958630a81b71ace7c5f9b32a8-le32d4.cache-3
b496e000-b4972000 r--s 00000000 08:11 658316     /var/cache/fontconfig/3047814df9a2f067bd2d96a2b9c36e5a-le32d4.cache-3
b4972000-b4973000 r--s 00000000 08:11 658151     /var/cache/fontconfig/56cf4f4769d0f4abc89a4895d7bd3ae1-le32d4.cache-3
b4973000-b4974000 r--s 00000000 08:11 657908     /var/cache/fontconfig/b9d506c9ac06c20b433354fa67a72993-le32d4.cache-3
b4974000-b4978000 r--s 00000000 08:11 657906     /var/cache/fontconfig/b47c4e1ecd0709278f4910c18777a504-le32d4.cache-3
b4978000-b4985000 r--s 00000000 08:11 657702     /var/cache/fontconfig/d52a8644073d54c13679302ca1180695-le32d4.cache-3
b4985000-b4989000 r--s 00000000 08:11 657701     /var/cache/fontconfig/3f7329c5293ffd510edef78f73874cfd-le32d4.cache-3
b4989000-b498b000 r--s 00000000 08:11 657692     /var/cache/fontconfig/e13b20fdb08344e0e664864cc2ede53d-le32d4.cache-3
b498b000-b498e000 r--s 00000000 08:11 657700     /var/cache/fontconfig/7ef2298fde41cc6eeb7af42e48b7d293-le32d4.cache-3
b498e000-b49d3000 r--s 00000000 08:11 141029     /home/jacko/.fontconfig/1628aa0229ea9560e2a6eb280dd13c3c-le32d4.cache-3
b49d3000-b49d4000 r--s 00000000 08:11 665059     /var/cache/fontconfig/c05880de57d1f5e948fdfacc138775d9-le32d4.cache-3
b49d4000-b49da000 r--s 00000000 08:11 661475     /var/cache/fontconfig/945677eb7aeaf62f1d50efc3fb3ec7d8-le32d4.cache-3
b49da000-b49dc000 r--s 00000000 08:11 659724     /var/cache/fontconfig/99e8ed0e538f840c565b6ed5dad60d56-le32d4.cache-3
b49dc000-b49df000 r--s 00000000 08:11 659624     /var/cache/fontconfig/2cd17615ca594fa2959ae173292e504c-le32d4.cache-3
b49df000-b49e0000 r--s 00000000 08:11 659488     /var/cache/fontconfig/e7071f4a29fa870f4323321c154eba04-le32d4.cache-3
b49e0000-b49e1000 r--s 00000000 08:11 658521     /var/cache/fontconfig/0d8c3b2ac0904cb8a57a757ad11a4a08-le32d4.cache-3
b49e1000-b49e5000 r--s 00000000 08:11 658463     /var/cache/fontconfig/a755afe4a08bf5b97852ceb7400b47bc-le32d4.cache-3
b49e5000-b49ec000 r--s 00000000 08:11 658460     /var/cache/fontconfig/6d41288fd70b0be22e8c3a91e032eec0-le32d4.cache-3
b49ec000-b49f7000 r--s 00000000 08:11 658458     /var/cache/fontconfig/04aabc0a78ac019cf9454389977116d2-le32d4.cache-3
b49f7000-b49fa000 r--s 00000000 08:11 658456     /var/cache/fontconfig/385c0604a188198f04d133e54aba7fe7-le32d4.cache-3
b49fa000-b49fb000 r--s 00000000 08:11 658321     /var/cache/fontconfig/4794a0821666d79190d59a36cb4f44b5-le32d4.cache-3
b49fb000-b49fe000 r--s 00000000 08:11 658320     /var/cache/fontconfig/8801497958630a81b71ace7c5f9b32a8-le32d4.cache-3
b49fe000-b4a02000 r--s 00000000 08:11 658316     /var/cache/fontconfig/3047814df9a2f067bd2d96a2b9c36e5a-le32d4.cache-3
b4a02000-b4a06000 r--s 00000000 08:11 657906     /var/cache/fontconfig/b47c4e1ecd0709278f4910c18777a504-le32d4.cache-3
b4a06000-b4a4b000 r--s 00000000 08:11 141029     /home/jacko/.fontconfig/1628aa0229ea9560e2a6eb280dd13c3c-le32d4.cache-3
b4a4b000-b4a4e000 ---p 00000000 00:00 0 
b4a4e000-b4a9c000 rw-p 00000000 00:00 0 
b4a9c000-b4a9f000 ---p 00000000 00:00 0 
b4a9f000-b4aed000 rw-p 00000000 00:00 0 
b4aed000-b4afe000 r--s 000b5000 08:11 12400      /home/jacko/workspace/driver/AVlibs/jogl-test.jar
b4afe000-b4aff000 ---p 00000000 00:00 0 
b4aff000-b4b7f000 rw-p 00000000 00:00 0 
b4b7f000-b4b82000 ---p 00000000 00:00 0 
b4b82000-b4c00000 rw-p 00000000 00:00 0 
b4c00000-b4e00000 r--p 00000000 08:11 403514     /usr/lib/locale/locale-archive
b4e00000-b4efe000 rw-p 00000000 00:00 0 
b4efe000-b4f00000 ---p 00000000 00:00 0 
b4f00000-b4f0d000 r--s 00000000 08:11 657702     /var/cache/fontconfig/d52a8644073d54c13679302ca1180695-le32d4.cache-3
b4f0d000-b4f10000 ---p 00000000 00:00 0 
b4f10000-b4f5e000 rw-p 00000000 00:00 0 
b4f5e000-b4f61000 ---p 00000000 00:00 0 
b4f61000-b4faf000 rw-p 00000000 00:00 0 
b4faf000-b4fb2000 ---p 00000000 00:00 0 
b4fb2000-b5000000 rw-p 00000000 00:00 0 
b5000000-b50fe000 rw-p 00000000 00:00 0 
b50fe000-b5100000 ---p 00000000 00:00 0 
b5102000-b5106000 r--s 00000000 08:11 657701     /var/cache/fontconfig/3f7329c5293ffd510edef78f73874cfd-le32d4.cache-3
b5106000-b511d000 r--s 00441000 08:11 12399      /home/jacko/workspace/driver/AVlibs/jogl-all-noawt.jar
b511d000-b5120000 ---p 00000000 00:00 0 
b5120000-b516e000 rw-p 00000000 00:00 0 
b516e000-b516f000 ---p 00000000 00:00 0 
b516f000-b5222000 rw-p 00000000 00:00 0 
b5222000-b53b4000 r--s 037bf000 08:11 404937     /usr/lib/jvm/java-6-openjdk-i386/jre/lib/rt.jar
b53b4000-b53ba000 rw-p 00000000 00:00 0 
b53ba000-b545b000 rw-p 00000000 00:00 0 
b545b000-b545e000 rw-p 00000000 00:00 0 
b545e000-b54ae000 rw-p 00000000 00:00 0 
b54ae000-b54b4000 rw-p 00000000 00:00 0 
b54b4000-b5554000 rw-p 00000000 00:00 0 
b5554000-b555a000 rw-p 00000000 00:00 0 
b555a000-b5574000 rw-p 00000000 00:00 0 
b5574000-b5584000 rw-p 00000000 00:00 0 
b5584000-b5600000 rw-p 00000000 00:00 0 
b5600000-b5700000 rwxp 00000000 00:00 0 
b5700000-b7700000 rw-p 00000000 00:00 0 
b7701000-b7702000 r--s 00000000 08:11 658151     /var/cache/fontconfig/56cf4f4769d0f4abc89a4895d7bd3ae1-le32d4.cache-3
b7702000-b7703000 r--s 00000000 08:11 657908     /var/cache/fontconfig/b9d506c9ac06c20b433354fa67a72993-le32d4.cache-3
b7703000-b7705000 r--s 00000000 08:11 657692     /var/cache/fontconfig/e13b20fdb08344e0e664864cc2ede53d-le32d4.cache-3
b7705000-b7708000 r--s 00000000 08:11 657700     /var/cache/fontconfig/7ef2298fde41cc6eeb7af42e48b7d293-le32d4.cache-3
b7708000-b7709000 r--p 00000000 00:00 0 
b7709000-b7710000 r--s 000fb000 08:11 404912     /usr/lib/jvm/java-6-openjdk-common/jre/lib/resources.jar
b7710000-b7711000 r--s 00023000 08:11 12398      /home/jacko/workspace/driver/AVlibs/jogl-all-natives-linux-i586.jar
b7711000-b7716000 r--s 0002c000 08:11 12395      /home/jacko/workspace/driver/AVlibs/gluegen-rt.jar
b7716000-b7717000 r--s 00000000 08:11 12394      /home/jacko/workspace/driver/AVlibs/gluegen-rt-natives-linux-i586.jar
b7717000-b771a000 r--s 00077000 08:11 404904     /usr/lib/jvm/java-6-openjdk-common/jre/lib/ext/localedata.jar
b771a000-b771e000 r--s 00038000 08:11 404903     /usr/lib/jvm/java-6-openjdk-common/jre/lib/ext/sunpkcs11.jar
b771e000-b7720000 r--s 00001000 08:11 404906     /usr/lib/jvm/java-6-openjdk-common/jre/lib/ext/dnsns.jar
b7720000-b7723000 r--s 00031000 08:11 404905     /usr/lib/jvm/java-6-openjdk-common/jre/lib/ext/sunjce_provider.jar
b7723000-b7731000 rw-p 00000000 00:00 0 
b7731000-b774b000 rw-p 00000000 00:00 0 
b774b000-b774e000 ---p 00000000 00:00 0 
b774e000-b779f000 rw-p 00000000 00:00 0 
b779f000-b77a1000 r--s 0000f000 08:11 404907     /usr/lib/jvm/java-6-openjdk-common/jre/lib/ext/pulse-java.jar
b77a1000-b77a2000 r--s 00007000 08:11 666642     /usr/share/java/java-atk-wrapper.jar
b77a2000-b77a3000 r--p 005d8000 08:11 403514     /usr/lib/locale/locale-archive
b77a3000-b77a9000 rw-p 00000000 00:00 0 
b77a9000-b77b1000 rw-s 00000000 08:11 263345     /tmp/hsperfdata_jacko/30320
b77b1000-b77b2000 rw-p 00000000 00:00 0 
b77b2000-b77b3000 r--p 00000000 00:00 0 
b77b3000-b77b5000 rw-p 00000000 00:00 0 
bfb41000-bfb62000 rw-p 00000000 00:00 0          [stack]

VM Arguments:
jvm_args: -Dfile.encoding=UTF-8 
java_command: local.raspberrypi.jackokring.driver.Controller
Launcher Type: SUN_STANDARD

Environment Variables:
PATH=/usr/local/sbin:/usr/local/bin:/usr/sbin:/usr/bin:/sbin:/bin:/usr/games
USERNAME=jacko
LD_LIBRARY_PATH=/usr/lib/jvm/java-6-openjdk-i386/jre/lib/i386/client:/usr/lib/jvm/java-6-openjdk-i386/jre/lib/i386:/usr/lib/jvm/java-6-openjdk-i386/jre/../lib/i386:/usr/lib/jvm/java-6-openjdk-i386/jre/lib/i386/client:/usr/lib/jvm/java-6-openjdk-i386/jre/lib/i386:
SHELL=/bin/bash
DISPLAY=:0.0

Signal Handlers:
SIGSEGV: [libjvm.so+0x3e3530], sa_mask[0]=0x7ffbfeff, sa_flags=0x10000004
SIGBUS: [libjvm.so+0x3e3530], sa_mask[0]=0x7ffbfeff, sa_flags=0x10000004
SIGFPE: [libjvm.so+0x300e50], sa_mask[0]=0x7ffbfeff, sa_flags=0x10000004
SIGPIPE: [libjvm.so+0x300e50], sa_mask[0]=0x7ffbfeff, sa_flags=0x10000004
SIGXFSZ: [libjvm.so+0x300e50], sa_mask[0]=0x7ffbfeff, sa_flags=0x10000004
SIGILL: [libjvm.so+0x300e50], sa_mask[0]=0x7ffbfeff, sa_flags=0x10000004
SIGUSR1: SIG_DFL, sa_mask[0]=0x00000000, sa_flags=0x00000000
SIGUSR2: [libjvm.so+0x300ce0], sa_mask[0]=0x00000004, sa_flags=0x10000004
SIGHUP: [libjvm.so+0x303d80], sa_mask[0]=0x7ffbfeff, sa_flags=0x10000004
SIGINT: [libjvm.so+0x303d80], sa_mask[0]=0x7ffbfeff, sa_flags=0x10000004
SIGTERM: [libjvm.so+0x303d80], sa_mask[0]=0x7ffbfeff, sa_flags=0x10000004
SIGQUIT: [libjvm.so+0x303d80], sa_mask[0]=0x7ffbfeff, sa_flags=0x10000004


---------------  S Y S T E M  ---------------

OS:LinuxMint 13 (maya)
uname:Linux 3.2.0-23-generic #36-Ubuntu SMP Tue Apr 10 20:41:14 UTC 2012 i686
libc:glibc 2.15 NPTL 2.15 
rlimit: STACK 8192k, CORE 0k, NPROC 7832, NOFILE 4096, AS infinity
load average:2.26 1.46 1.25

/proc/meminfo:
MemTotal:        1017108 kB
MemFree:          119868 kB
Buffers:            7376 kB
Cached:           266068 kB
SwapCached:        24012 kB
Active:           397736 kB
Inactive:         439824 kB
Active(anon):     301312 kB
Inactive(anon):   339148 kB
Active(file):      96424 kB
Inactive(file):   100676 kB
Unevictable:           0 kB
Mlocked:               0 kB
HighTotal:        130696 kB
HighFree:          11460 kB
LowTotal:         886412 kB
LowFree:          108408 kB
SwapTotal:        705532 kB
SwapFree:         505720 kB
Dirty:               116 kB
Writeback:             0 kB
AnonPages:        553088 kB
Mapped:            52768 kB
Shmem:             76336 kB
Slab:              37108 kB
SReclaimable:      22760 kB
SUnreclaim:        14348 kB
KernelStack:        2944 kB
PageTables:         7636 kB
NFS_Unstable:          0 kB
Bounce:                0 kB
WritebackTmp:          0 kB
CommitLimit:     1214084 kB
Committed_AS:    2536156 kB
VmallocTotal:     122880 kB
VmallocUsed:       11080 kB
VmallocChunk:     106652 kB
HardwareCorrupted:     0 kB
AnonHugePages:         0 kB
HugePages_Total:       0
HugePages_Free:        0
HugePages_Rsvd:        0
HugePages_Surp:        0
Hugepagesize:       4096 kB
DirectMap4k:       24568 kB
DirectMap4M:      884736 kB


CPU:total 2 (1 cores per cpu, 2 threads per core) family 6 model 28 stepping 2, cmov, cx8, fxsr, mmx, sse, sse2, sse3, ssse3, ht

Memory: 4k page, physical 1017108k(119868k free), swap 705532k(505720k free)

vm_info: OpenJDK Client VM (20.0-b12) for linux-x86 JRE (1.6.0_24-b24), built on Sep  1 2012 19:15:39 by "buildd" with gcc 4.6.3

time: Thu Oct  4 08:47:50 2012
elapsed time: 46 seconds

